#
# There is insufficient memory for the Java Runtime Environment to continue.
# Native memory allocation (mmap) failed to map 84934656 bytes for committing reserved memory.
# Possible reasons:
#   The system is out of physical RAM or swap space
#   In 32 bit mode, the process size limit was hit
# Possible solutions:
#   Reduce memory load on the system
#   Increase physical memory or swap space
#   Check if swap backing store is full
#   Use 64 bit Java on a 64 bit OS
#   Decrease Java heap size (-Xmx/-Xms)
#   Decrease number of Java threads
#   Decrease Java thread stack sizes (-Xss)
#   Set larger code cache with -XX:ReservedCodeCacheSize=
# This output file may be truncated or incomplete.
#
#  Out of Memory Error (os_linux.cpp:2673), pid=9108, tid=140304157996800
#
# JRE version: OpenJDK Runtime Environment (8.0_45-b14) (build 1.8.0_45-internal-b14)
# Java VM: OpenJDK 64-Bit Server VM (25.45-b02 mixed mode linux-amd64 compressed oops)
# Failed to write core dump. Core dumps have been disabled. To enable core dumping, try "ulimit -c unlimited" before starting Java again
#

---------------  T H R E A D  ---------------

Current thread (0x00007f9b3013f800):  VMThread [stack: 0x00007f9b1b6f7000,0x00007f9b1b7f8000] [id=9116]

Stack: [0x00007f9b1b6f7000,0x00007f9b1b7f8000],  sp=0x00007f9b1b7f64b0,  free space=1021k
Native frames: (J=compiled Java code, j=interpreted, Vv=VM code, C=native code)
V  [libjvm.so+0xa902bd]  VMError::report_and_die()+0x15d
V  [libjvm.so+0x4e783c]  report_vm_out_of_memory(char const*, int, unsigned long, VMErrorType, char const*)+0xac
V  [libjvm.so+0x8e03b0]  os::pd_commit_memory(char*, unsigned long, unsigned long, bool)+0xf0
V  [libjvm.so+0x8daaee]  os::commit_memory(char*, unsigned long, unsigned long, bool)+0x2e
V  [libjvm.so+0x955a9b]  PSVirtualSpace::expand_by(unsigned long)+0x5b
V  [libjvm.so+0x956e03]  PSYoungGen::resize(unsigned long, unsigned long)+0x103
V  [libjvm.so+0x953a8e]  PSScavenge::invoke_no_policy()+0x14be
V  [libjvm.so+0x94c149]  PSParallelCompact::invoke(bool)+0x49
V  [libjvm.so+0x466ed3]  CollectedHeap::collect_as_vm_thread(GCCause::Cause)+0x163
V  [libjvm.so+0xa91719]  VM_CollectForMetadataAllocation::doit()+0x169
V  [libjvm.so+0xa968f7]  VM_Operation::evaluate()+0x47
V  [libjvm.so+0xa94c17]  VMThread::evaluate_operation(VM_Operation*)+0xe7
V  [libjvm.so+0xa95447]  VMThread::loop()+0x227
V  [libjvm.so+0xa95991]  VMThread::run()+0x81
V  [libjvm.so+0x8dd8a2]  java_start(Thread*)+0xf2

VM_Operation (0x00007f9b19f8dd90): CollectForMetadataAllocation, mode: safepoint, requested by thread 0x00007f9b30209000


---------------  P R O C E S S  ---------------

Java Threads: ( => current thread )
  0x00007f9b3020e800 JavaThread "Service Thread" daemon [_thread_blocked, id=9123, stack(0x00007f9b19d8e000,0x00007f9b19e8f000)]
  0x00007f9b30209000 JavaThread "C1 CompilerThread2" daemon [_thread_blocked, id=9122, stack(0x00007f9b19e8f000,0x00007f9b19f90000)]
  0x00007f9b30207000 JavaThread "C2 CompilerThread1" daemon [_thread_blocked, id=9121, stack(0x00007f9b19f90000,0x00007f9b1a091000)]
  0x00007f9b301fa000 JavaThread "C2 CompilerThread0" daemon [_thread_blocked, id=9120, stack(0x00007f9b1a091000,0x00007f9b1a192000)]
  0x00007f9b30171800 JavaThread "Signal Dispatcher" daemon [_thread_blocked, id=9119, stack(0x00007f9b1ad11000,0x00007f9b1ae12000)]
  0x00007f9b30147000 JavaThread "Finalizer" daemon [_thread_blocked, id=9118, stack(0x00007f9b1b4f5000,0x00007f9b1b5f6000)]
  0x00007f9b30145000 JavaThread "Reference Handler" daemon [_thread_blocked, id=9117, stack(0x00007f9b1b5f6000,0x00007f9b1b6f7000)]
  0x00007f9b3000b000 JavaThread "main" [_thread_blocked, id=9111, stack(0x00007f9b3a1e7000,0x00007f9b3a2e8000)]

Other Threads:
=>0x00007f9b3013f800 VMThread [stack: 0x00007f9b1b6f7000,0x00007f9b1b7f8000] [id=9116]
  0x00007f9b30211000 WatcherThread [stack: 0x00007f9b19c8d000,0x00007f9b19d8e000] [id=9124]

VM state:at safepoint (normal execution)

VM Mutex/Monitor currently owned by a thread:  ([mutex/lock_event])
[0x00007f9b300074f0] Threads_lock - owner thread: 0x00007f9b3013f800
[0x00007f9b300079f0] Heap_lock - owner thread: 0x00007f9b30209000
[0x00007f9b30007f70] MethodData_lock - owner thread: 0x00007f9b30209000

Heap:
 PSYoungGen      total 129536K, used 8173K [0x00000000ed000000, 0x00000000f5800000, 0x0000000100000000)
  eden space 121344K, 0% used [0x00000000ed000000,0x00000000ed000000,0x00000000f4680000)
  from space 8192K, 99% used [0x00000000f4680000,0x00000000f4e7b750,0x00000000f4e80000)
  to   space 6656K, 0% used [0x00000000f4e80000,0x00000000f4e80000,0x00000000f5500000)
 ParOldGen       total 39936K, used 20608K [0x00000000c7000000, 0x00000000c9700000, 0x00000000ed000000)
  object space 39936K, 51% used [0x00000000c7000000,0x00000000c8420278,0x00000000c9700000)
 Metaspace       used 20528K, capacity 21070K, committed 21296K, reserved 1069056K
  class space    used 2364K, capacity 2563K, committed 2688K, reserved 1048576K

Card table byte_map: [0x00007f9b364f7000,0x00007f9b366c0000] byte_map_base: 0x00007f9b35ebf000

Marking Bits: (ParMarkBitMap*) 0x00007f9b394b4e80
 Begin Bits: [0x00007f9b34343000, 0x00007f9b35183000)
 End Bits:   [0x00007f9b35183000, 0x00007f9b35fc3000)

Polling page: 0x00007f9b3a306000

CodeCache: size=245760Kb used=10663Kb max_used=11292Kb free=235096Kb
 bounds [0x00007f9b21000000, 0x00007f9b21b40000, 0x00007f9b30000000]
 total_blobs=3416 nmethods=3048 adapters=282
 compilation: enabled

Compilation events (10 events):
Event: 105,237 Thread 0x00007f9b30209000 nmethod 3462 0x00007f9b21167150 code [0x00007f9b211672a0, 0x00007f9b211673b0]
Event: 105,237 Thread 0x00007f9b30209000 3463       3       com.sun.tools.javac.comp.Check$1::inferenceContext (11 bytes)
Event: 105,237 Thread 0x00007f9b30209000 nmethod 3463 0x00007f9b21166d90 code [0x00007f9b21166f00, 0x00007f9b21167070]
Event: 105,237 Thread 0x00007f9b30209000 3464       3       com.sun.tools.javac.comp.Infer$InferenceContext::free (9 bytes)
Event: 105,237 Thread 0x00007f9b30209000 nmethod 3464 0x00007f9b21166910 code [0x00007f9b21166a80, 0x00007f9b21166ca8]
Event: 105,237 Thread 0x00007f9b30209000 3466       1       com.sun.tools.javac.tree.JCTree::pos (2 bytes)
Event: 105,238 Thread 0x00007f9b30209000 nmethod 3466 0x00007f9b21166650 code [0x00007f9b211667a0, 0x00007f9b211668b0]
Event: 105,238 Thread 0x00007f9b30209000 3465       3       com.sun.tools.javac.code.Type::containsAny (39 bytes)
Event: 105,238 Thread 0x00007f9b30209000 nmethod 3465 0x00007f9b21165950 code [0x00007f9b21165b20, 0x00007f9b21166368]
Event: 105,238 Thread 0x00007f9b30209000 3467       3       com.sun.tools.javac.comp.Check::checkDisjoint (63 bytes)

GC Heap History (10 events):
Event: 4,529 GC heap after
Heap after GC invocations=4 (full 0):
 PSYoungGen      total 32768K, used 2048K [0x00000000ed000000, 0x00000000ef200000, 0x0000000100000000)
  eden space 30720K, 0% used [0x00000000ed000000,0x00000000ed000000,0x00000000eee00000)
  from space 2048K, 100% used [0x00000000ef000000,0x00000000ef200000,0x00000000ef200000)
  to   space 2048K, 0% used [0x00000000eee00000,0x00000000eee00000,0x00000000ef000000)
 ParOldGen       total 39936K, used 4158K [0x00000000c7000000, 0x00000000c9700000, 0x00000000ed000000)
  object space 39936K, 10% used [0x00000000c7000000,0x00000000c740f808,0x00000000c9700000)
 Metaspace       used 10437K, capacity 10664K, committed 10880K, reserved 1058816K
  class space    used 1287K, capacity 1377K, committed 1408K, reserved 1048576K
}
Event: 5,884 GC heap before
{Heap before GC invocations=5 (full 0):
 PSYoungGen      total 32768K, used 32768K [0x00000000ed000000, 0x00000000ef200000, 0x0000000100000000)
  eden space 30720K, 100% used [0x00000000ed000000,0x00000000eee00000,0x00000000eee00000)
  from space 2048K, 100% used [0x00000000ef000000,0x00000000ef200000,0x00000000ef200000)
  to   space 2048K, 0% used [0x00000000eee00000,0x00000000eee00000,0x00000000ef000000)
 ParOldGen       total 39936K, used 4158K [0x00000000c7000000, 0x00000000c9700000, 0x00000000ed000000)
  object space 39936K, 10% used [0x00000000c7000000,0x00000000c740f808,0x00000000c9700000)
 Metaspace       used 13335K, capacity 13676K, committed 13824K, reserved 1060864K
  class space    used 1579K, capacity 1695K, committed 1792K, reserved 1048576K
Event: 5,908 GC heap after
Heap after GC invocations=5 (full 0):
 PSYoungGen      total 32768K, used 2048K [0x00000000ed000000, 0x00000000f1800000, 0x0000000100000000)
  eden space 30720K, 0% used [0x00000000ed000000,0x00000000ed000000,0x00000000eee00000)
  from space 2048K, 100% used [0x00000000eee00000,0x00000000ef000000,0x00000000ef000000)
  to   space 6144K, 0% used [0x00000000f1200000,0x00000000f1200000,0x00000000f1800000)
 ParOldGen       total 39936K, used 7936K [0x00000000c7000000, 0x00000000c9700000, 0x00000000ed000000)
  object space 39936K, 19% used [0x00000000c7000000,0x00000000c77c00b0,0x00000000c9700000)
 Metaspace       used 13335K, capacity 13676K, committed 13824K, reserved 1060864K
  class space    used 1579K, capacity 1695K, committed 1792K, reserved 1048576K
}
Event: 6,744 GC heap before
{Heap before GC invocations=6 (full 0):
 PSYoungGen      total 32768K, used 32768K [0x00000000ed000000, 0x00000000f1800000, 0x0000000100000000)
  eden space 30720K, 100% used [0x00000000ed000000,0x00000000eee00000,0x00000000eee00000)
  from space 2048K, 100% used [0x00000000eee00000,0x00000000ef000000,0x00000000ef000000)
  to   space 6144K, 0% used [0x00000000f1200000,0x00000000f1200000,0x00000000f1800000)
 ParOldGen       total 39936K, used 7936K [0x00000000c7000000, 0x00000000c9700000, 0x00000000ed000000)
  object space 39936K, 19% used [0x00000000c7000000,0x00000000c77c00b0,0x00000000c9700000)
 Metaspace       used 13654K, capacity 14002K, committed 14336K, reserved 1062912K
  class space    used 1596K, capacity 1696K, committed 1792K, reserved 1048576K
Event: 6,794 GC heap after
Heap after GC invocations=6 (full 0):
 PSYoungGen      total 67584K, used 3616K [0x00000000ed000000, 0x00000000f1800000, 0x0000000100000000)
  eden space 61440K, 0% used [0x00000000ed000000,0x00000000ed000000,0x00000000f0c00000)
  from space 6144K, 58% used [0x00000000f1200000,0x00000000f1588020,0x00000000f1800000)
  to   space 6144K, 0% used [0x00000000f0c00000,0x00000000f0c00000,0x00000000f1200000)
 ParOldGen       total 39936K, used 7944K [0x00000000c7000000, 0x00000000c9700000, 0x00000000ed000000)
  object space 39936K, 19% used [0x00000000c7000000,0x00000000c77c20b0,0x00000000c9700000)
 Metaspace       used 13654K, capacity 14002K, committed 14336K, reserved 1062912K
  class space    used 1596K, capacity 1696K, committed 1792K, reserved 1048576K
}
Event: 8,344 GC heap before
{Heap before GC invocations=7 (full 0):
 PSYoungGen      total 67584K, used 65056K [0x00000000ed000000, 0x00000000f1800000, 0x0000000100000000)
  eden space 61440K, 100% used [0x00000000ed000000,0x00000000f0c00000,0x00000000f0c00000)
  from space 6144K, 58% used [0x00000000f1200000,0x00000000f1588020,0x00000000f1800000)
  to   space 6144K, 0% used [0x00000000f0c00000,0x00000000f0c00000,0x00000000f1200000)
 ParOldGen       total 39936K, used 7944K [0x00000000c7000000, 0x00000000c9700000, 0x00000000ed000000)
  object space 39936K, 19% used [0x00000000c7000000,0x00000000c77c20b0,0x00000000c9700000)
 Metaspace       used 14276K, capacity 14674K, committed 14848K, reserved 1062912K
  class space    used 1645K, capacity 1771K, committed 1792K, reserved 1048576K
Event: 8,377 GC heap after
Heap after GC invocations=7 (full 0):
 PSYoungGen      total 67584K, used 5776K [0x00000000ed000000, 0x00000000f5500000, 0x0000000100000000)
  eden space 61440K, 0% used [0x00000000ed000000,0x00000000ed000000,0x00000000f0c00000)
  from space 6144K, 94% used [0x00000000f0c00000,0x00000000f11a4030,0x00000000f1200000)
  to   space 6656K, 0% used [0x00000000f4e80000,0x00000000f4e80000,0x00000000f5500000)
 ParOldGen       total 39936K, used 8440K [0x00000000c7000000, 0x00000000c9700000, 0x00000000ed000000)
  object space 39936K, 21% used [0x00000000c7000000,0x00000000c783e0b0,0x00000000c9700000)
 Metaspace       used 14276K, capacity 14674K, committed 14848K, reserved 1062912K
  class space    used 1645K, capacity 1771K, committed 1792K, reserved 1048576K
}
Event: 12,114 GC heap before
{Heap before GC invocations=8 (full 0):
 PSYoungGen      total 67584K, used 67213K [0x00000000ed000000, 0x00000000f5500000, 0x0000000100000000)
  eden space 61440K, 99% used [0x00000000ed000000,0x00000000f0bff5f0,0x00000000f0c00000)
  from space 6144K, 94% used [0x00000000f0c00000,0x00000000f11a4030,0x00000000f1200000)
  to   space 6656K, 0% used [0x00000000f4e80000,0x00000000f4e80000,0x00000000f5500000)
 ParOldGen       total 39936K, used 8440K [0x00000000c7000000, 0x00000000c9700000, 0x00000000ed000000)
  object space 39936K, 21% used [0x00000000c7000000,0x00000000c783e0b0,0x00000000c9700000)
 Metaspace       used 18672K, capacity 19278K, committed 19584K, reserved 1067008K
  class space    used 2193K, capacity 2371K, committed 2432K, reserved 1048576K
Event: 12,159 GC heap after
Heap after GC invocations=8 (full 0):
 PSYoungGen      total 128000K, used 6641K [0x00000000ed000000, 0x00000000f5800000, 0x0000000100000000)
  eden space 121344K, 0% used [0x00000000ed000000,0x00000000ed000000,0x00000000f4680000)
  from space 6656K, 99% used [0x00000000f4e80000,0x00000000f54fc618,0x00000000f5500000)
  to   space 8192K, 0% used [0x00000000f4680000,0x00000000f4680000,0x00000000f4e80000)
 ParOldGen       total 39936K, used 10133K [0x00000000c7000000, 0x00000000c9700000, 0x00000000ed000000)
  object space 39936K, 25% used [0x00000000c7000000,0x00000000c79e5428,0x00000000c9700000)
 Metaspace       used 18672K, capacity 19278K, committed 19584K, reserved 1067008K
  class space    used 2193K, capacity 2371K, committed 2432K, reserved 1048576K
}
Event: 105,288 GC heap before
{Heap before GC invocations=9 (full 0):
 PSYoungGen      total 128000K, used 45929K [0x00000000ed000000, 0x00000000f5800000, 0x0000000100000000)
  eden space 121344K, 32% used [0x00000000ed000000,0x00000000ef65de20,0x00000000f4680000)
  from space 6656K, 99% used [0x00000000f4e80000,0x00000000f54fc618,0x00000000f5500000)
  to   space 8192K, 0% used [0x00000000f4680000,0x00000000f4680000,0x00000000f4e80000)
 ParOldGen       total 39936K, used 10133K [0x00000000c7000000, 0x00000000c9700000, 0x00000000ed000000)
  object space 39936K, 25% used [0x00000000c7000000,0x00000000c79e5428,0x00000000c9700000)
 Metaspace       used 20528K, capacity 21070K, committed 21296K, reserved 1069056K
  class space    used 2364K, capacity 2563K, committed 2688K, reserved 1048576K

Deoptimization events (10 events):
Event: 15,420 Thread 0x00007f9b3000b000 Uncommon trap: reason=unstable_if action=reinterpret pc=0x00007f9b21837ac4 method=java.util.regex.Pattern.clazz(Z)Ljava/util/regex/Pattern$CharProperty; @ 361
Event: 38,905 Thread 0x00007f9b3000b000 Uncommon trap: reason=predicate action=maybe_recompile pc=0x00007f9b216da34c method=java.util.ComparableTimSort.binarySort([Ljava/lang/Object;III)V @ 37
Event: 40,197 Thread 0x00007f9b3000b000 Uncommon trap: reason=array_check action=maybe_recompile pc=0x00007f9b21579ae4 method=java.util.ComparableTimSort.binarySort([Ljava/lang/Object;III)V @ 215
Event: 40,835 Thread 0x00007f9b3000b000 Uncommon trap: reason=array_check action=maybe_recompile pc=0x00007f9b21579ae4 method=java.util.ComparableTimSort.binarySort([Ljava/lang/Object;III)V @ 215
Event: 41,137 Thread 0x00007f9b3000b000 Uncommon trap: reason=array_check action=maybe_recompile pc=0x00007f9b21579ae4 method=java.util.ComparableTimSort.binarySort([Ljava/lang/Object;III)V @ 215
Event: 46,783 Thread 0x00007f9b3000b000 Uncommon trap: reason=array_check action=maybe_recompile pc=0x00007f9b21579ae4 method=java.util.ComparableTimSort.binarySort([Ljava/lang/Object;III)V @ 215
Event: 52,258 Thread 0x00007f9b3000b000 Uncommon trap: reason=array_check action=maybe_recompile pc=0x00007f9b21112bfc method=java.util.ComparableTimSort.binarySort([Ljava/lang/Object;III)V @ 193
Event: 52,347 Thread 0x00007f9b3000b000 Uncommon trap: reason=array_check action=maybe_recompile pc=0x00007f9b21112bfc method=java.util.ComparableTimSort.binarySort([Ljava/lang/Object;III)V @ 193
Event: 103,891 Thread 0x00007f9b3000b000 Uncommon trap: reason=unstable_if action=reinterpret pc=0x00007f9b2130bc38 method=com.sun.tools.javac.code.Scope.getIndex(Lcom/sun/tools/javac/util/Name;)I @ 60
Event: 105,189 Thread 0x00007f9b3000b000 Uncommon trap: reason=unstable_if action=reinterpret pc=0x00007f9b21496a1c method=com.sun.tools.javac.util.Name$Table.equals([BI[BII)Z @ 22

Internal exceptions (10 events):
Event: 5,308 Thread 0x00007f9b3000b000 Implicit null exception at 0x00007f9b213c09f5 to 0x00007f9b213c0bfd
Event: 5,308 Thread 0x00007f9b3000b000 Implicit null exception at 0x00007f9b212db9af to 0x00007f9b212dba19
Event: 5,393 Thread 0x00007f9b3000b000 Implicit null exception at 0x00007f9b215483bc to 0x00007f9b21548d95
Event: 8,396 Thread 0x00007f9b3000b000 Exception <a 'java/lang/NoClassDefFoundError': org/slf4j/Logger> (0x00000000ed293a48) thrown at [/build/buildd/openjdk-8-8u45-b14/src/hotspot/src/share/vm/oops/constantPool.cpp, line 235]
Event: 9,303 Thread 0x00007f9b3000b000 Exception <a 'java/lang/NoClassDefFoundError': org/slf4j/Logger> (0x00000000edd49d80) thrown at [/build/buildd/openjdk-8-8u45-b14/src/hotspot/src/share/vm/oops/constantPool.cpp, line 235]
Event: 9,827 Thread 0x00007f9b3000b000 Exception <a 'java/lang/NoClassDefFoundError': org/slf4j/Logger> (0x00000000ef17bdc0) thrown at [/build/buildd/openjdk-8-8u45-b14/src/hotspot/src/share/vm/oops/constantPool.cpp, line 235]
Event: 10,520 Thread 0x00007f9b3000b000 Exception <a 'java/lang/ClassNotFoundException': com/sun/tools/javac/api/JavacTool> (0x00000000ef44f780) thrown at [/build/buildd/openjdk-8-8u45-b14/src/hotspot/src/share/vm/classfile/systemDictionary.cpp, line 210]
Event: 19,195 Thread 0x00007f9b3000b000 Exception <a 'java/io/FileNotFoundException'> (0x00000000ee5d8c58) thrown at [/build/buildd/openjdk-8-8u45-b14/src/hotspot/src/share/vm/prims/jni.cpp, line 709]
Event: 24,407 Thread 0x00007f9b3000b000 Exception <a 'java/io/FileNotFoundException'> (0x00000000ee602310) thrown at [/build/buildd/openjdk-8-8u45-b14/src/hotspot/src/share/vm/prims/jni.cpp, line 709]
Event: 24,425 Thread 0x00007f9b3000b000 Exception <a 'java/io/FileNotFoundException'> (0x00000000ee602e50) thrown at [/build/buildd/openjdk-8-8u45-b14/src/hotspot/src/share/vm/prims/jni.cpp, line 709]

Events (10 events):
Event: 88,423 loading class com/sun/tools/javac/comp/Check$CycleChecker done
Event: 97,250 Thread 0x00007f9b3000b000 DEOPT PACKING pc=0x00007f9b212c4c67 sp=0x00007f9b3a2e4480
Event: 97,250 Thread 0x00007f9b3000b000 DEOPT UNPACKING pc=0x00007f9b21047373 sp=0x00007f9b3a2e4228 mode 0
Event: 103,784 Thread 0x00007f9b3000b000 Uncommon trap: trap_request=0xffffff65 fr.pc=0x00007f9b2130bc38
Event: 103,891 Thread 0x00007f9b3000b000 DEOPT PACKING pc=0x00007f9b2130bc38 sp=0x00007f9b3a2e3530
Event: 104,655 Thread 0x00007f9b3000b000 DEOPT UNPACKING pc=0x00007f9b21004f69 sp=0x00007f9b3a2e34c8 mode 2
Event: 105,189 Thread 0x00007f9b3000b000 Uncommon trap: trap_request=0xffffff65 fr.pc=0x00007f9b21496a1c
Event: 105,189 Thread 0x00007f9b3000b000 DEOPT PACKING pc=0x00007f9b21496a1c sp=0x00007f9b3a2e3380
Event: 105,189 Thread 0x00007f9b3000b000 DEOPT UNPACKING pc=0x00007f9b21004f69 sp=0x00007f9b3a2e3320 mode 2
Event: 105,239 Executing VM operation: CollectForMetadataAllocation


Dynamic libraries:
00400000-00401000 r-xp 00000000 08:03 6559393                            /usr/lib/jvm/java-8-openjdk-amd64/jre/bin/java
00600000-00601000 r--p 00000000 08:03 6559393                            /usr/lib/jvm/java-8-openjdk-amd64/jre/bin/java
00601000-00602000 rw-p 00001000 08:03 6559393                            /usr/lib/jvm/java-8-openjdk-amd64/jre/bin/java
01884000-018a5000 rw-p 00000000 00:00 0                                  [heap]
c7000000-c9700000 rw-p 00000000 00:00 0 
c9700000-ed000000 ---p 00000000 00:00 0 
ed000000-f5800000 rw-p 00000000 00:00 0 
fa900000-100000000 ---p 00000000 00:00 0 
100000000-1002a0000 rw-p 00000000 00:00 0 
1002a0000-140000000 ---p 00000000 00:00 0 
7f9adc000000-7f9adc021000 rw-p 00000000 00:00 0 
7f9adc021000-7f9ae0000000 ---p 00000000 00:00 0 
7f9ae4000000-7f9ae4021000 rw-p 00000000 00:00 0 
7f9ae4021000-7f9ae8000000 ---p 00000000 00:00 0 
7f9ae8000000-7f9ae8021000 rw-p 00000000 00:00 0 
7f9ae8021000-7f9aec000000 ---p 00000000 00:00 0 
7f9aec000000-7f9aedc48000 rw-p 00000000 00:00 0 
7f9aedc48000-7f9af0000000 ---p 00000000 00:00 0 
7f9af0000000-7f9af06c7000 rw-p 00000000 00:00 0 
7f9af06c7000-7f9af4000000 ---p 00000000 00:00 0 
7f9af4000000-7f9af4021000 rw-p 00000000 00:00 0 
7f9af4021000-7f9af8000000 ---p 00000000 00:00 0 
7f9af8000000-7f9afa0c1000 rw-p 00000000 00:00 0 
7f9afa0c1000-7f9afc000000 ---p 00000000 00:00 0 
7f9afc000000-7f9afc021000 rw-p 00000000 00:00 0 
7f9afc021000-7f9b00000000 ---p 00000000 00:00 0 
7f9b00000000-7f9b00021000 rw-p 00000000 00:00 0 
7f9b00021000-7f9b04000000 ---p 00000000 00:00 0 
7f9b04000000-7f9b04021000 rw-p 00000000 00:00 0 
7f9b04021000-7f9b08000000 ---p 00000000 00:00 0 
7f9b08000000-7f9b0827b000 rw-p 00000000 00:00 0 
7f9b0827b000-7f9b0c000000 ---p 00000000 00:00 0 
7f9b0c000000-7f9b0c021000 rw-p 00000000 00:00 0 
7f9b0c021000-7f9b10000000 ---p 00000000 00:00 0 
7f9b14000000-7f9b14021000 rw-p 00000000 00:00 0 
7f9b14021000-7f9b18000000 ---p 00000000 00:00 0 
7f9b184c9000-7f9b184f5000 rw-p 00000000 00:00 0 
7f9b184f5000-7f9b186c9000 ---p 00000000 00:00 0 
7f9b186c9000-7f9b188c9000 rw-p 00000000 00:00 0 
7f9b18961000-7f9b18962000 rw-p 00000000 00:00 0 
7f9b18962000-7f9b18965000 r--s 00015000 08:03 5246682                    /usr/lib/jvm/java-8-openjdk-amd64/jre/lib/jce.jar
7f9b18965000-7f9b18966000 r--s 0000c000 08:03 7867961                    /home/anatole/.m2/repository/org/eclipse/persistence/org.eclipse.persistence.jpa.modelgen.processor/2.5.2/org.eclipse.persistence.jpa.modelgen.processor-2.5.2.jar
7f9b18966000-7f9b18968000 r--s 00004000 08:03 7616889                    /home/anatole/.m2/repository/org/eclipse/persistence/commonj.sdo/2.1.1/commonj.sdo-2.1.1.jar
7f9b18968000-7f9b1896e000 r--s 00022000 08:03 7345115                    /home/anatole/.m2/repository/org/eclipse/persistence/javax.persistence/2.1.0/javax.persistence-2.1.0.jar
7f9b1896e000-7f9b189ea000 r--s 007c0000 08:03 7084500                    /home/anatole/.m2/repository/org/eclipse/persistence/eclipselink/2.5.2/eclipselink-2.5.2.jar
7f9b189ea000-7f9b189f1000 r--s 00037000 08:03 9057322                    /home/anatole/.m2/repository/org/springframework/spring-tx/4.1.4.RELEASE/spring-tx-4.1.4.RELEASE.jar
7f9b189f1000-7f9b189f9000 r--s 00054000 08:03 8786623                    /home/anatole/.m2/repository/org/springframework/spring-orm/4.1.4.RELEASE/spring-orm-4.1.4.RELEASE.jar
7f9b189f9000-7f9b18a08000 r--s 0009c000 08:03 8782780                    /home/anatole/.m2/repository/org/springframework/spring-web/4.1.1.RELEASE/spring-web-4.1.1.RELEASE.jar
7f9b18a08000-7f9b18a17000 r--s 000af000 08:03 8782779                    /home/anatole/.m2/repository/org/springframework/spring-webmvc/4.1.1.RELEASE/spring-webmvc-4.1.1.RELEASE.jar
7f9b18a17000-7f9b18a19000 r--s 00000000 08:03 8782777                    /home/anatole/.m2/repository/aopalliance/aopalliance/1.0/aopalliance-1.0.jar
7f9b18a19000-7f9b18a22000 r--s 0004f000 08:03 8782774                    /home/anatole/.m2/repository/org/springframework/spring-aop/4.1.1.RELEASE/spring-aop-4.1.1.RELEASE.jar
7f9b18a22000-7f9b18a26000 r--s 00039000 08:03 8782770                    /home/anatole/.m2/repository/org/springframework/spring-expression/4.1.1.RELEASE/spring-expression-4.1.1.RELEASE.jar
7f9b18a26000-7f9b18a28000 r--s 0000e000 08:03 8782772                    /home/anatole/.m2/repository/commons-logging/commons-logging/1.1.3/commons-logging-1.1.3.jar
7f9b18a28000-7f9b18a3d000 r--s 000e1000 08:03 8782771                    /home/anatole/.m2/repository/org/springframework/spring-core/4.1.1.RELEASE/spring-core-4.1.1.RELEASE.jar
7f9b18a3d000-7f9b18a4a000 r--s 0009f000 08:03 8782768                    /home/anatole/.m2/repository/org/springframework/spring-beans/4.1.1.RELEASE/spring-beans-4.1.1.RELEASE.jar
7f9b18a4a000-7f9b18a62000 r--s 000e3000 08:03 8782769                    /home/anatole/.m2/repository/org/springframework/spring-context/4.1.1.RELEASE/spring-context-4.1.1.RELEASE.jar
7f9b18a62000-7f9b18a64000 r--s 00011000 08:03 8786632                    /home/anatole/.m2/repository/org/jboss/jandex/1.1.0.Final/jandex-1.1.0.Final.jar
7f9b18a64000-7f9b18a69000 r--s 00068000 08:03 8782271                    /home/anatole/.m2/repository/antlr/antlr/2.7.7/antlr-2.7.7.jar
7f9b18a69000-7f9b18a73000 r--s 000a5000 08:03 8658589                    /home/anatole/.m2/repository/org/javassist/javassist/3.18.1-GA/javassist-3.18.1-GA.jar
7f9b18a73000-7f9b18a76000 r--s 00010000 08:03 8786638                    /home/anatole/.m2/repository/org/hibernate/common/hibernate-commons-annotations/4.0.5.Final/hibernate-commons-annotations-4.0.5.Final.jar
7f9b18a76000-7f9b18a7b000 r--s 00048000 08:03 7616121                    /home/anatole/.m2/repository/dom4j/dom4j/1.6.1/dom4j-1.6.1.jar
7f9b18a7b000-7f9b18a7c000 r--s 00006000 08:03 8658583                    /home/anatole/.m2/repository/org/jboss/spec/javax/transaction/jboss-transaction-api_1.2_spec/1.0.0.Final/jboss-transaction-api_1.2_spec-1.0.0.Final.jar
7f9b18a7c000-7f9b18a7d000 r--s 00002000 08:03 8658580                    /home/anatole/.m2/repository/org/jboss/logging/jboss-logging-annotations/1.2.0.Beta1/jboss-logging-annotations-1.2.0.Beta1.jar
7f9b18a7d000-7f9b18a7f000 r--s 0000c000 08:03 8658591                    /home/anatole/.m2/repository/org/jboss/logging/jboss-logging/3.1.3.GA/jboss-logging-3.1.3.GA.jar
7f9b18a7f000-7f9b18add000 r--s 004a5000 08:03 8658600                    /home/anatole/.m2/repository/org/hibernate/hibernate-core/4.3.6.Final/hibernate-core-4.3.6.Final.jar
7f9b18add000-7f9b18ae3000 r--s 000ab000 08:03 8528784                    /home/anatole/.m2/repository/mysql/mysql-connector-java/5.1.9/mysql-connector-java-5.1.9.jar
7f9b18ae3000-7f9b18b51000 r--s 00920000 08:03 6695981                    /home/anatole/.m2/repository/org/aspectj/aspectjtools/1.7.4/aspectjtools-1.7.4.jar
7f9b18b51000-7f9b18b57000 r--s 00045000 08:03 8924503                    /home/anatole/.m2/repository/org/hamcrest/hamcrest-all/1.3/hamcrest-all-1.3.jar
7f9b18b57000-7f9b18b59000 r--s 0000e000 08:03 7867998                    /home/anatole/.m2/repository/commons-pool/commons-pool/1.3/commons-pool-1.3.jar
7f9b18b59000-7f9b18b5b000 r--s 0001c000 08:03 7867997                    /home/anatole/.m2/repository/commons-dbcp/commons-dbcp/1.2.2/commons-dbcp-1.2.2.jar
7f9b18b5b000-7f9b18b5d000 r--s 00009000 08:03 8784525                    /home/anatole/.m2/repository/org/hamcrest/hamcrest-core/1.3/hamcrest-core-1.3.jar
7f9b18b5d000-7f9b18b65000 r--s 00045000 08:03 8784524                    /home/anatole/.m2/repository/junit/junit/4.12/junit-4.12.jar
7f9b18b65000-7f9b18d65000 rw-p 00000000 00:00 0 
7f9b18d65000-7f9b18ddd000 r--s 010ee000 08:03 6559484                    /usr/lib/jvm/java-8-openjdk-amd64/lib/tools.jar
7f9b18ddd000-7f9b18de0000 r--s 0001b000 08:03 8783670                    /home/anatole/.m2/repository/junit/junit/3.8.2/junit-3.8.2.jar
7f9b18de0000-7f9b18dee000 r--s 0008f000 08:03 8783666                    /home/anatole/.m2/repository/com/google/collections/google-collections/1.0/google-collections-1.0.jar
7f9b18dee000-7f9b18def000 r--s 0000a000 08:03 8783665                    /home/anatole/.m2/repository/commons-logging/commons-logging-api/1.1/commons-logging-api-1.1.jar
7f9b18def000-7f9b18df6000 r--s 00051000 08:03 8783663                    /home/anatole/.m2/repository/log4j/log4j/1.2.12/log4j-1.2.12.jar
7f9b18df6000-7f9b18dfa000 r--s 0001d000 08:03 8783661                    /home/anatole/.m2/repository/org/apache/xbean/xbean-reflect/3.4/xbean-reflect-3.4.jar
7f9b18dfa000-7f9b18dfb000 r--s 00004000 08:03 8783660                    /home/anatole/.m2/repository/org/codehaus/plexus/plexus-compiler-javac/2.2/plexus-compiler-javac-2.2.jar
7f9b18dfb000-7f9b18dfd000 r--s 00000000 08:03 8783657                    /home/anatole/.m2/repository/org/codehaus/plexus/plexus-compiler-manager/2.2/plexus-compiler-manager-2.2.jar
7f9b18dfd000-7f9b18dff000 r--s 00005000 08:03 8783654                    /home/anatole/.m2/repository/org/codehaus/plexus/plexus-compiler-api/2.2/plexus-compiler-api-2.2.jar
7f9b18dff000-7f9b18e01000 r--s 00002000 08:03 8783651                    /home/anatole/.m2/repository/org/apache/maven/shared/maven-shared-incremental/1.1/maven-shared-incremental-1.1.jar
7f9b18e01000-7f9b18e03000 r--s 00006000 08:03 8783652                    /home/anatole/.m2/repository/com/google/code/findbugs/jsr305/2.0.1/jsr305-2.0.1.jar
7f9b18e03000-7f9b18e06000 r--s 00023000 08:03 8783653                    /home/anatole/.m2/repository/org/apache/maven/shared/maven-shared-utils/0.1/maven-shared-utils-0.1.jar
7f9b18e06000-7f9b18e0a000 r--s 00030000 08:03 8783650                    /home/anatole/.m2/repository/org/codehaus/plexus/plexus-utils/1.5.1/plexus-utils-1.5.1.jar
7f9b18e0a000-7f9b18e0c000 r--s 00009000 08:03 8782688                    /home/anatole/.m2/repository/org/apache/maven/plugins/maven-compiler-plugin/3.1/maven-compiler-plugin-3.1.jar
7f9b18e0c000-7f9b18e0e000 r--s 0000d000 08:03 8783584                    /home/anatole/.m2/repository/org/codehaus/plexus/plexus-interpolation/1.13/plexus-interpolation-1.13.jar
7f9b18e0e000-7f9b18e0f000 r--s 00001000 08:03 8655713                    /home/anatole/.m2/repository/org/sonatype/plexus/plexus-build-api/0.0.4/plexus-build-api-0.0.4.jar
7f9b18e0f000-7f9b18e11000 r--s 00009000 08:03 8783585                    /home/anatole/.m2/repository/org/apache/maven/shared/maven-filtering/1.0/maven-filtering-1.0.jar
7f9b18e11000-7f9b18e15000 r--s 00033000 08:03 8655702                    /home/anatole/.m2/repository/org/codehaus/plexus/plexus-utils/2.0.5/plexus-utils-2.0.5.jar
7f9b18e15000-7f9b18e16000 r--s 00001000 08:03 8783586                    /home/anatole/.m2/repository/org/apache/maven/doxia/doxia-sink-api/1.0-alpha-7/doxia-sink-api-1.0-alpha-7.jar
7f9b18e16000-7f9b18e17000 r--s 00002000 08:03 8783583                    /home/anatole/.m2/repository/org/apache/maven/reporting/maven-reporting-api/2.0.6/maven-reporting-api-2.0.6.jar
7f9b18e17000-7f9b18e19000 r--s 00005000 08:03 8655686                    /home/anatole/.m2/repository/org/apache/maven/plugins/maven-resources-plugin/2.5/maven-resources-plugin-2.5.jar
7f9b18e19000-7f9b18e27000 r--s 0007f000 08:03 8782268                    /home/anatole/.m2/repository/commons-collections/commons-collections/3.2.1/commons-collections-3.2.1.jar
7f9b18e27000-7f9b18e2c000 r--s 00041000 08:03 8783525                    /home/anatole/.m2/repository/commons-lang/commons-lang/2.6/commons-lang-2.6.jar
7f9b18e2c000-7f9b18e2e000 r--s 00006000 08:03 8783528                    /home/anatole/.m2/repository/org/apache/maven/shared/maven-invoker/2.0.11/maven-invoker-2.0.11.jar
7f9b18e2e000-7f9b18e30000 r--s 00006000 08:03 8783527                    /home/anatole/.m2/repository/org/apache/maven/shared/maven-common-artifact-filters/1.4/maven-common-artifact-filters-1.4.jar
7f9b18e30000-7f9b18e32000 r--s 0000c000 08:03 8783524                    /home/anatole/.m2/repository/org/apache/maven/shared/maven-dependency-tree/2.0/maven-dependency-tree-2.0.jar
7f9b18e32000-7f9b18e34000 r--s 00000000 08:03 8655678                    /home/anatole/.m2/repository/org/codehaus/plexus/plexus-component-annotations/1.5.5/plexus-component-annotations-1.5.5.jar
7f9b18e34000-7f9b18e35000 r--s 0000a000 08:03 8783518                    /home/anatole/.m2/repository/asm/asm/3.3.1/asm-3.3.1.jar
7f9b18e35000-7f9b18e37000 r--s 00005000 08:03 8783519                    /home/anatole/.m2/repository/org/apache/maven/shared/maven-dependency-analyzer/1.3/maven-dependency-analyzer-1.3.jar
7f9b18e37000-7f9b18e3a000 r--s 0000c000 08:03 8783517                    /home/anatole/.m2/repository/org/codehaus/plexus/plexus-io/2.0.6/plexus-io-2.0.6.jar
7f9b18e3a000-7f9b18e3d000 r--s 0001b000 08:03 8783512                    /home/anatole/.m2/repository/junit/junit/3.8.1/junit-3.8.1.jar
7f9b18e3d000-7f9b18e3f000 r--s 00008000 08:03 8783513                    /home/anatole/.m2/repository/org/apache/maven/shared/maven-shared-io/1.1/maven-shared-io-1.1.jar
7f9b18e3f000-7f9b18e41000 r--s 00008000 08:03 8783511                    /home/anatole/.m2/repository/org/apache/maven/shared/file-management/1.2.1/file-management-1.2.1.jar
7f9b18e41000-7f9b18e45000 r--s 00035000 08:03 8783508                    /home/anatole/.m2/repository/org/codehaus/plexus/plexus-utils/3.0.9/plexus-utils-3.0.9.jar
7f9b18e45000-7f9b18e4a000 r--s 00029000 08:03 8783506                    /home/anatole/.m2/repository/org/codehaus/plexus/plexus-archiver/2.2/plexus-archiver-2.2.jar
7f9b18e4a000-7f9b18e4c000 r--s 00004000 08:03 8783505                    /home/anatole/.m2/repository/org/apache/maven/doxia/doxia-module-xhtml/1.0/doxia-module-xhtml-1.0.jar
7f9b18e4c000-7f9b18e4d000 r--s 00006000 08:03 8783504                    /home/anatole/.m2/repository/org/apache/maven/doxia/doxia-module-xdoc/1.0/doxia-module-xdoc-1.0.jar
7f9b18e4d000-7f9b18e4e000 r--s 00004000 08:03 8783502                    /home/anatole/.m2/repository/org/apache/maven/doxia/doxia-module-fml/1.0/doxia-module-fml-1.0.jar
7f9b18e4e000-7f9b18e50000 r--s 0000a000 08:03 8783497                    /home/anatole/.m2/repository/org/apache/maven/doxia/doxia-module-apt/1.0/doxia-module-apt-1.0.jar
7f9b18e50000-7f9b18e51000 r--s 0000b000 08:03 8783495                    /home/anatole/.m2/repository/org/apache/maven/doxia/doxia-decoration-model/1.0/doxia-decoration-model-1.0.jar
7f9b18e51000-7f9b18e59000 r--s 00058000 08:03 8782237                    /home/anatole/.m2/repository/org/apache/velocity/velocity/1.5/velocity-1.5.jar
7f9b18e59000-7f9b18e5a000 r--s 00001000 08:03 8783498                    /home/anatole/.m2/repository/org/codehaus/plexus/plexus-velocity/1.1.7/plexus-velocity-1.1.7.jar
7f9b18e5a000-7f9b18e5b000 r--s 00002000 08:03 8783491                    /home/anatole/.m2/repository/org/codehaus/plexus/plexus-i18n/1.0-beta-7/plexus-i18n-1.0-beta-7.jar
7f9b18e5b000-7f9b18e5d000 r--s 0000a000 08:03 8783489                    /home/anatole/.m2/repository/org/apache/maven/doxia/doxia-site-renderer/1.0/doxia-site-renderer-1.0.jar
7f9b18e5d000-7f9b18e5e000 r--s 00002000 08:03 8783488                    /home/anatole/.m2/repository/org/apache/maven/doxia/doxia-sink-api/1.0/doxia-sink-api-1.0.jar
7f9b18e5e000-7f9b18e63000 r--s 00016000 08:03 7998051                    /home/anatole/.m2/repository/xml-apis/xml-apis/1.0.b2/xml-apis-1.0.b2.jar
7f9b18e63000-7f9b18e65000 r--s 0000e000 08:03 8782239                    /home/anatole/.m2/repository/oro/oro/2.0.8/oro-2.0.8.jar
7f9b18e65000-7f9b18e67000 r--s 00008000 08:03 8783487                    /home/anatole/.m2/repository/commons-logging/commons-logging/1.0.4/commons-logging-1.0.4.jar
7f9b18e67000-7f9b18e6b000 r--s 00026000 08:03 8783485                    /home/anatole/.m2/repository/commons-digester/commons-digester/1.6/commons-digester-1.6.jar
7f9b18e6b000-7f9b18e70000 r--s 0002a000 08:03 8783481                    /home/anatole/.m2/repository/commons-beanutils/commons-beanutils/1.7.0/commons-beanutils-1.7.0.jar
7f9b18e70000-7f9b18e73000 r--s 00014000 08:03 8783480                    /home/anatole/.m2/repository/commons-validator/commons-validator/1.2.0/commons-validator-1.2.0.jar
7f9b18e73000-7f9b18e76000 r--s 00018000 08:03 8783478                    /home/anatole/.m2/repository/commons-io/commons-io/1.4/commons-io-1.4.jar
7f9b18e76000-7f9b18e78000 r--s 00009000 08:03 8783477                    /home/anatole/.m2/repository/org/apache/maven/shared/maven-doxia-tools/1.0.2/maven-doxia-tools-1.0.2.jar
7f9b18e78000-7f9b18e7b000 r--s 0000b000 08:03 8783473                    /home/anatole/.m2/repository/org/apache/maven/doxia/doxia-core/1.0/doxia-core-1.0.jar
7f9b18e7b000-7f9b18e7d000 r--s 00004000 08:03 8783471                    /home/anatole/.m2/repository/org/apache/maven/reporting/maven-reporting-impl/2.0.5/maven-reporting-impl-2.0.5.jar
7f9b18e7d000-7f9b18e7e000 r--s 00002000 08:03 8783470                    /home/anatole/.m2/repository/org/apache/maven/reporting/maven-reporting-api/3.0/maven-reporting-api-3.0.jar
7f9b18e7e000-7f9b18e80000 r--s 00002000 08:03 8783469                    /home/anatole/.m2/repository/org/codehaus/plexus/plexus-interactivity-api/1.0-alpha-4/plexus-interactivity-api-1.0-alpha-4.jar
7f9b18e80000-7f9b18e82000 r--s 00006000 08:03 8783472                    /home/anatole/.m2/repository/commons-cli/commons-cli/1.0/commons-cli-1.0.jar
7f9b18e82000-7f9b18e85000 r--s 00021000 08:03 8782695                    /home/anatole/.m2/repository/org/apache/maven/plugins/maven-dependency-plugin/2.6/maven-dependency-plugin-2.6.jar
7f9b18e85000-7f9b19085000 rw-p 00000000 00:00 0 
7f9b19085000-7f9b19096000 r-xp 00000000 08:03 5377226                    /usr/lib/jvm/java-8-openjdk-amd64/jre/lib/amd64/libnio.so
7f9b19096000-7f9b19295000 ---p 00011000 08:03 5377226                    /usr/lib/jvm/java-8-openjdk-amd64/jre/lib/amd64/libnio.so
7f9b19295000-7f9b19296000 r--p 00010000 08:03 5377226                    /usr/lib/jvm/java-8-openjdk-amd64/jre/lib/amd64/libnio.so
7f9b19296000-7f9b19297000 rw-p 00011000 08:03 5377226                    /usr/lib/jvm/java-8-openjdk-amd64/jre/lib/amd64/libnio.so
7f9b19297000-7f9b19598000 rw-p 00000000 00:00 0 
7f9b19598000-7f9b195af000 r-xp 00000000 08:03 5377210                    /usr/lib/jvm/java-8-openjdk-amd64/jre/lib/amd64/libnet.so
7f9b195af000-7f9b197ae000 ---p 00017000 08:03 5377210                    /usr/lib/jvm/java-8-openjdk-amd64/jre/lib/amd64/libnet.so
7f9b197ae000-7f9b197af000 r--p 00016000 08:03 5377210                    /usr/lib/jvm/java-8-openjdk-amd64/jre/lib/amd64/libnet.so
7f9b197af000-7f9b197b0000 rw-p 00017000 08:03 5377210                    /usr/lib/jvm/java-8-openjdk-amd64/jre/lib/amd64/libnet.so
7f9b197b0000-7f9b197b3000 ---p 00000000 00:00 0 
7f9b197b3000-7f9b197e9000 rw-p 00000000 00:00 0 
7f9b197e9000-7f9b197ea000 r--p 00000000 00:00 0 
7f9b197ea000-7f9b199ea000 rw-p 00000000 00:00 0 
7f9b199ea000-7f9b199ef000 r--s 00094000 08:03 5246671                    /usr/lib/jvm/java-8-openjdk-amd64/jre/lib/jsse.jar
7f9b199ef000-7f9b19bef000 rw-p 00000000 00:00 0 
7f9b19bef000-7f9b19bf1000 r--s 0000c000 08:03 3935732                    /home/anatole/netbeans-8.1/java/maven-nblib/netbeans-eventspy.jar
7f9b19bf1000-7f9b19bf3000 r--s 00000000 08:03 3935392                    /home/anatole/netbeans-8.1/java/maven/lib/plexus-component-annotations-1.5.5.jar
7f9b19bf3000-7f9b19bfa000 r--s 0002b000 08:03 3935684                    /home/anatole/netbeans-8.1/java/maven/lib/sisu-inject-plexus-2.3.0.jar
7f9b19bfa000-7f9b19bfc000 r--s 0000b000 08:03 3935708                    /home/anatole/netbeans-8.1/java/maven/lib/maven-plugin-api-3.0.5.jar
7f9b19bfc000-7f9b19bfd000 r--s 00002000 08:03 3935754                    /home/anatole/netbeans-8.1/java/maven/lib/wagon-file-2.4.jar
7f9b19bfd000-7f9b19c18000 r--s 000e4000 08:03 3935717                    /home/anatole/netbeans-8.1/java/maven/lib/wagon-http-2.4-shaded.jar
7f9b19c18000-7f9b19c19000 r--s 00006000 08:03 3935662                    /home/anatole/netbeans-8.1/java/maven/lib/plexus-sec-dispatcher-1.3.jar
7f9b19c19000-7f9b19c1b000 r--s 0000d000 08:03 3935665                    /home/anatole/netbeans-8.1/java/maven/lib/plexus-interpolation-1.14.jar
7f9b19c1b000-7f9b19c22000 r--s 0003f000 08:03 3935709                    /home/anatole/netbeans-8.1/java/maven/lib/sisu-inject-bean-2.3.0.jar
7f9b19c22000-7f9b19c2e000 r--s 0007d000 08:03 3935749                    /home/anatole/netbeans-8.1/java/maven/lib/maven-core-3.0.5.jar
7f9b19c2e000-7f9b19c36000 r--s 00050000 08:03 3935695                    /home/anatole/netbeans-8.1/java/maven/lib/sisu-guice-3.1.0-no_aop.jar
7f9b19c36000-7f9b19c38000 r--s 0000b000 08:03 3935707                    /home/anatole/netbeans-8.1/java/maven/lib/wagon-provider-api-2.4.jar
7f9b19c38000-7f9b19c3b000 r--s 0001d000 08:03 3935736                    /home/anatole/netbeans-8.1/java/maven/lib/aether-impl-1.13.1.jar
7f9b19c3b000-7f9b19c3e000 r--s 00008000 08:03 3935608                    /home/anatole/netbeans-8.1/java/maven/lib/maven-settings-builder-3.0.5.jar
7f9b19c3e000-7f9b19c40000 r--s 00009000 08:03 3935752                    /home/anatole/netbeans-8.1/java/maven/lib/commons-cli-1.2.jar
7f9b19c40000-7f9b19c5f000 r--s 00154000 08:03 3935750                    /home/anatole/netbeans-8.1/java/maven/lib/sisu-guava-0.9.9.jar
7f9b19c5f000-7f9b19c8d000 r--s 001c9000 08:03 3935664                    /home/anatole/netbeans-8.1/java/maven/lib/ext/wagon-http-2.8-shaded.jar
7f9b19c8d000-7f9b19c8e000 ---p 00000000 00:00 0 
7f9b19c8e000-7f9b19d8e000 rw-p 00000000 00:00 0                          [stack:9124]
7f9b19d8e000-7f9b19d91000 ---p 00000000 00:00 0 
7f9b19d91000-7f9b19e8f000 rw-p 00000000 00:00 0                          [stack:9123]
7f9b19e8f000-7f9b19e92000 ---p 00000000 00:00 0 
7f9b19e92000-7f9b19f90000 rw-p 00000000 00:00 0                          [stack:9122]
7f9b19f90000-7f9b19f93000 ---p 00000000 00:00 0 
7f9b19f93000-7f9b1a091000 rw-p 00000000 00:00 0                          [stack:9121]
7f9b1a091000-7f9b1a094000 ---p 00000000 00:00 0 
7f9b1a094000-7f9b1a192000 rw-p 00000000 00:00 0                          [stack:9120]
7f9b1a192000-7f9b1a197000 r-xp 00000000 08:03 4595883                    /usr/lib/x86_64-linux-gnu/libXdmcp.so.6.0.0
7f9b1a197000-7f9b1a396000 ---p 00005000 08:03 4595883                    /usr/lib/x86_64-linux-gnu/libXdmcp.so.6.0.0
7f9b1a396000-7f9b1a397000 r--p 00004000 08:03 4595883                    /usr/lib/x86_64-linux-gnu/libXdmcp.so.6.0.0
7f9b1a397000-7f9b1a398000 rw-p 00005000 08:03 4595883                    /usr/lib/x86_64-linux-gnu/libXdmcp.so.6.0.0
7f9b1a398000-7f9b1a39a000 r-xp 00000000 08:03 4595872                    /usr/lib/x86_64-linux-gnu/libXau.so.6.0.0
7f9b1a39a000-7f9b1a59a000 ---p 00002000 08:03 4595872                    /usr/lib/x86_64-linux-gnu/libXau.so.6.0.0
7f9b1a59a000-7f9b1a59b000 r--p 00002000 08:03 4595872                    /usr/lib/x86_64-linux-gnu/libXau.so.6.0.0
7f9b1a59b000-7f9b1a59c000 rw-p 00003000 08:03 4595872                    /usr/lib/x86_64-linux-gnu/libXau.so.6.0.0
7f9b1a59c000-7f9b1a5b9000 r-xp 00000000 08:03 4597070                    /usr/lib/x86_64-linux-gnu/libxcb.so.1.1.0
7f9b1a5b9000-7f9b1a7b9000 ---p 0001d000 08:03 4597070                    /usr/lib/x86_64-linux-gnu/libxcb.so.1.1.0
7f9b1a7b9000-7f9b1a7ba000 r--p 0001d000 08:03 4597070                    /usr/lib/x86_64-linux-gnu/libxcb.so.1.1.0
7f9b1a7ba000-7f9b1a7bb000 rw-p 0001e000 08:03 4597070                    /usr/lib/x86_64-linux-gnu/libxcb.so.1.1.0
7f9b1a7bb000-7f9b1a8ee000 r-xp 00000000 08:03 4595868                    /usr/lib/x86_64-linux-gnu/libX11.so.6.3.0
7f9b1a8ee000-7f9b1aaee000 ---p 00133000 08:03 4595868                    /usr/lib/x86_64-linux-gnu/libX11.so.6.3.0
7f9b1aaee000-7f9b1aaef000 r--p 00133000 08:03 4595868                    /usr/lib/x86_64-linux-gnu/libX11.so.6.3.0
7f9b1aaef000-7f9b1aaf3000 rw-p 00134000 08:03 4595868                    /usr/lib/x86_64-linux-gnu/libX11.so.6.3.0
7f9b1aaf3000-7f9b1aaf4000 rw-p 00000000 00:00 0 
7f9b1aaf4000-7f9b1aaf8000 r--s 00021000 08:03 3935661                    /home/anatole/netbeans-8.1/java/maven/lib/maven-model-builder-3.0.5.jar
7f9b1aaf8000-7f9b1aafa000 r--s 00026000 08:03 3935741                    /home/anatole/netbeans-8.1/java/maven/lib/maven-model-3.0.5.jar
7f9b1aafa000-7f9b1aafe000 r--s 0001c000 08:03 3935737                    /home/anatole/netbeans-8.1/java/maven/lib/aether-util-1.13.1.jar
7f9b1aafe000-7f9b1ab02000 r--s 00013000 08:03 3935743                    /home/anatole/netbeans-8.1/java/maven/lib/aether-api-1.13.1.jar
7f9b1ab02000-7f9b1ab08000 r--s 0003f000 08:03 3935738                    /home/anatole/netbeans-8.1/java/maven/lib/maven-compat-3.0.5.jar
7f9b1ab08000-7f9b1ab0c000 r--s 00033000 08:03 3935735                    /home/anatole/netbeans-8.1/java/maven/lib/plexus-utils-2.0.6.jar
7f9b1ab0c000-7f9b1ab0e000 r--s 0000b000 08:03 3935722                    /home/anatole/netbeans-8.1/java/maven/lib/maven-artifact-3.0.5.jar
7f9b1ab0e000-7f9b1ab10000 r-xp 00000000 08:03 4593054                    /usr/lib/jayatana/libjayatanaag.so
7f9b1ab10000-7f9b1ad0f000 ---p 00002000 08:03 4593054                    /usr/lib/jayatana/libjayatanaag.so
7f9b1ad0f000-7f9b1ad10000 r--p 00001000 08:03 4593054                    /usr/lib/jayatana/libjayatanaag.so
7f9b1ad10000-7f9b1ad11000 rw-p 00002000 08:03 4593054                    /usr/lib/jayatana/libjayatanaag.so
7f9b1ad11000-7f9b1ad14000 ---p 00000000 00:00 0 
7f9b1ad14000-7f9b1ae12000 rw-p 00000000 00:00 0                          [stack:9119]
7f9b1ae12000-7f9b1b4f5000 r--p 00000000 08:03 4594914                    /usr/lib/locale/locale-archive
7f9b1b4f5000-7f9b1b4f8000 ---p 00000000 00:00 0 
7f9b1b4f8000-7f9b1b5f6000 rw-p 00000000 00:00 0                          [stack:9118]
7f9b1b5f6000-7f9b1b5f9000 ---p 00000000 00:00 0 
7f9b1b5f9000-7f9b1b6f7000 rw-p 00000000 00:00 0                          [stack:9117]
7f9b1b6f7000-7f9b1b6f8000 ---p 00000000 00:00 0 
7f9b1b6f8000-7f9b1c000000 rw-p 00000000 00:00 0                          [stack:9116]
7f9b1c000000-7f9b1c021000 rw-p 00000000 00:00 0 
7f9b1c021000-7f9b20000000 ---p 00000000 00:00 0 
7f9b20000000-7f9b20001000 r--s 0000a000 08:03 3935723                    /home/anatole/netbeans-8.1/java/maven/lib/maven-embedder-3.0.5.jar
7f9b20001000-7f9b20003000 r--s 0000a000 08:03 3935724                    /home/anatole/netbeans-8.1/java/maven/lib/maven-settings-3.0.5.jar
7f9b20003000-7f9b20005000 r--s 0000c000 08:03 3935626                    /home/anatole/netbeans-8.1/java/maven/lib/maven-aether-provider-3.0.5.jar
7f9b20005000-7f9b20007000 r--s 00002000 08:03 3935742                    /home/anatole/netbeans-8.1/java/maven/lib/plexus-cipher-1.7.jar
7f9b20007000-7f9b20008000 r--s 00003000 08:03 3935744                    /home/anatole/netbeans-8.1/java/maven/lib/aether-spi-1.13.1.jar
7f9b20008000-7f9b20022000 r--s 001d3000 08:03 6427230                    /usr/lib/jvm/java-8-openjdk-amd64/jre/lib/ext/nashorn.jar
7f9b20022000-7f9b2002d000 r--s 00116000 08:03 6427232                    /usr/lib/jvm/java-8-openjdk-amd64/jre/lib/ext/localedata.jar
7f9b2002d000-7f9b20633000 rw-p 00000000 00:00 0 
7f9b20633000-7f9b20800000 r--s 03bd3000 08:03 5246681                    /usr/lib/jvm/java-8-openjdk-amd64/jre/lib/rt.jar
7f9b20800000-7f9b21000000 rw-p 00000000 00:00 0 
7f9b21000000-7f9b21b40000 rwxp 00000000 00:00 0 
7f9b21b40000-7f9b30000000 ---p 00000000 00:00 0 
7f9b30000000-7f9b31265000 rw-p 00000000 00:00 0 
7f9b31265000-7f9b34000000 ---p 00000000 00:00 0 
7f9b34000000-7f9b34002000 r--s 00006000 08:03 3935513                    /home/anatole/netbeans-8.1/java/maven/lib/maven-repository-metadata-3.0.5.jar
7f9b34002000-7f9b34004000 r--s 00006000 08:03 3935579                    /home/anatole/netbeans-8.1/java/maven/lib/aether-connector-wagon-1.13.1.jar
7f9b34004000-7f9b35fc3000 rw-p 00000000 00:00 0 
7f9b35fc3000-7f9b35fc4000 ---p 00000000 00:00 0 
7f9b35fc4000-7f9b360c4000 rw-p 00000000 00:00 0                          [stack:9115]
7f9b360c4000-7f9b360c5000 ---p 00000000 00:00 0 
7f9b360c5000-7f9b361c5000 rw-p 00000000 00:00 0                          [stack:9114]
7f9b361c5000-7f9b361c6000 ---p 00000000 00:00 0 
7f9b361c6000-7f9b362c6000 rw-p 00000000 00:00 0                          [stack:9113]
7f9b362c6000-7f9b362c7000 ---p 00000000 00:00 0 
7f9b362c7000-7f9b363db000 rw-p 00000000 00:00 0                          [stack:9112]
7f9b363db000-7f9b364f7000 ---p 00000000 00:00 0 
7f9b364f7000-7f9b3650b000 rw-p 00000000 00:00 0 
7f9b3650b000-7f9b36627000 ---p 00000000 00:00 0 
7f9b36627000-7f9b3666b000 rw-p 00000000 00:00 0 
7f9b3666b000-7f9b366bf000 ---p 00000000 00:00 0 
7f9b366bf000-7f9b366ed000 rw-p 00000000 00:00 0 
7f9b366ed000-7f9b36a80000 ---p 00000000 00:00 0 
7f9b36a80000-7f9b36a88000 r-xp 00000000 08:03 5377203                    /usr/lib/jvm/java-8-openjdk-amd64/jre/lib/amd64/libzip.so
7f9b36a88000-7f9b36c87000 ---p 00008000 08:03 5377203                    /usr/lib/jvm/java-8-openjdk-amd64/jre/lib/amd64/libzip.so
7f9b36c87000-7f9b36c88000 r--p 00007000 08:03 5377203                    /usr/lib/jvm/java-8-openjdk-amd64/jre/lib/amd64/libzip.so
7f9b36c88000-7f9b36c89000 rw-p 00008000 08:03 5377203                    /usr/lib/jvm/java-8-openjdk-amd64/jre/lib/amd64/libzip.so
7f9b36c89000-7f9b36c95000 r-xp 00000000 08:03 6295828                    /lib/x86_64-linux-gnu/libnss_files-2.21.so
7f9b36c95000-7f9b36e94000 ---p 0000c000 08:03 6295828                    /lib/x86_64-linux-gnu/libnss_files-2.21.so
7f9b36e94000-7f9b36e95000 r--p 0000b000 08:03 6295828                    /lib/x86_64-linux-gnu/libnss_files-2.21.so
7f9b36e95000-7f9b36e96000 rw-p 0000c000 08:03 6295828                    /lib/x86_64-linux-gnu/libnss_files-2.21.so
7f9b36e96000-7f9b36ea1000 r-xp 00000000 08:03 6295838                    /lib/x86_64-linux-gnu/libnss_nis-2.21.so
7f9b36ea1000-7f9b370a0000 ---p 0000b000 08:03 6295838                    /lib/x86_64-linux-gnu/libnss_nis-2.21.so
7f9b370a0000-7f9b370a1000 r--p 0000a000 08:03 6295838                    /lib/x86_64-linux-gnu/libnss_nis-2.21.so
7f9b370a1000-7f9b370a2000 rw-p 0000b000 08:03 6295838                    /lib/x86_64-linux-gnu/libnss_nis-2.21.so
7f9b370a2000-7f9b370b9000 r-xp 00000000 08:03 6295822                    /lib/x86_64-linux-gnu/libnsl-2.21.so
7f9b370b9000-7f9b372b8000 ---p 00017000 08:03 6295822                    /lib/x86_64-linux-gnu/libnsl-2.21.so
7f9b372b8000-7f9b372b9000 r--p 00016000 08:03 6295822                    /lib/x86_64-linux-gnu/libnsl-2.21.so
7f9b372b9000-7f9b372ba000 rw-p 00017000 08:03 6295822                    /lib/x86_64-linux-gnu/libnsl-2.21.so
7f9b372ba000-7f9b372bc000 rw-p 00000000 00:00 0 
7f9b372bc000-7f9b372c4000 r-xp 00000000 08:03 6295824                    /lib/x86_64-linux-gnu/libnss_compat-2.21.so
7f9b372c4000-7f9b374c3000 ---p 00008000 08:03 6295824                    /lib/x86_64-linux-gnu/libnss_compat-2.21.so
7f9b374c3000-7f9b374c4000 r--p 00007000 08:03 6295824                    /lib/x86_64-linux-gnu/libnss_compat-2.21.so
7f9b374c4000-7f9b374c5000 rw-p 00008000 08:03 6295824                    /lib/x86_64-linux-gnu/libnss_compat-2.21.so
7f9b374c5000-7f9b374cf000 r-xp 00000000 08:03 5377222                    /usr/lib/jvm/java-8-openjdk-amd64/jre/lib/amd64/libinstrument.so
7f9b374cf000-7f9b376ce000 ---p 0000a000 08:03 5377222                    /usr/lib/jvm/java-8-openjdk-amd64/jre/lib/amd64/libinstrument.so
7f9b376ce000-7f9b376cf000 r--p 00009000 08:03 5377222                    /usr/lib/jvm/java-8-openjdk-amd64/jre/lib/amd64/libinstrument.so
7f9b376cf000-7f9b376d0000 rw-p 0000a000 08:03 5377222                    /usr/lib/jvm/java-8-openjdk-amd64/jre/lib/amd64/libinstrument.so
7f9b376d0000-7f9b376fe000 r-xp 00000000 08:03 5377200                    /usr/lib/jvm/java-8-openjdk-amd64/jre/lib/amd64/libjava.so
7f9b376fe000-7f9b378fd000 ---p 0002e000 08:03 5377200                    /usr/lib/jvm/java-8-openjdk-amd64/jre/lib/amd64/libjava.so
7f9b378fd000-7f9b378fe000 r--p 0002d000 08:03 5377200                    /usr/lib/jvm/java-8-openjdk-amd64/jre/lib/amd64/libjava.so
7f9b378fe000-7f9b37900000 rw-p 0002e000 08:03 5377200                    /usr/lib/jvm/java-8-openjdk-amd64/jre/lib/amd64/libjava.so
7f9b37900000-7f9b3790f000 r-xp 00000000 08:03 5377215                    /usr/lib/jvm/java-8-openjdk-amd64/jre/lib/amd64/libverify.so
7f9b3790f000-7f9b37b0f000 ---p 0000f000 08:03 5377215                    /usr/lib/jvm/java-8-openjdk-amd64/jre/lib/amd64/libverify.so
7f9b37b0f000-7f9b37b12000 r--p 0000f000 08:03 5377215                    /usr/lib/jvm/java-8-openjdk-amd64/jre/lib/amd64/libverify.so
7f9b37b12000-7f9b37b13000 rw-p 00012000 08:03 5377215                    /usr/lib/jvm/java-8-openjdk-amd64/jre/lib/amd64/libverify.so
7f9b37b13000-7f9b37b1a000 r-xp 00000000 08:03 6295883                    /lib/x86_64-linux-gnu/librt-2.21.so
7f9b37b1a000-7f9b37d19000 ---p 00007000 08:03 6295883                    /lib/x86_64-linux-gnu/librt-2.21.so
7f9b37d19000-7f9b37d1a000 r--p 00006000 08:03 6295883                    /lib/x86_64-linux-gnu/librt-2.21.so
7f9b37d1a000-7f9b37d1b000 rw-p 00007000 08:03 6295883                    /lib/x86_64-linux-gnu/librt-2.21.so
7f9b37d1b000-7f9b37d31000 r-xp 00000000 08:03 6295771                    /lib/x86_64-linux-gnu/libgcc_s.so.1
7f9b37d31000-7f9b37f30000 ---p 00016000 08:03 6295771                    /lib/x86_64-linux-gnu/libgcc_s.so.1
7f9b37f30000-7f9b37f31000 rw-p 00015000 08:03 6295771                    /lib/x86_64-linux-gnu/libgcc_s.so.1
7f9b37f31000-7f9b38038000 r-xp 00000000 08:03 6295801                    /lib/x86_64-linux-gnu/libm-2.21.so
7f9b38038000-7f9b38237000 ---p 00107000 08:03 6295801                    /lib/x86_64-linux-gnu/libm-2.21.so
7f9b38237000-7f9b38238000 r--p 00106000 08:03 6295801                    /lib/x86_64-linux-gnu/libm-2.21.so
7f9b38238000-7f9b38239000 rw-p 00107000 08:03 6295801                    /lib/x86_64-linux-gnu/libm-2.21.so
7f9b38239000-7f9b38329000 r-xp 00000000 08:03 4596864                    /usr/lib/x86_64-linux-gnu/libstdc++.so.6.0.20
7f9b38329000-7f9b38529000 ---p 000f0000 08:03 4596864                    /usr/lib/x86_64-linux-gnu/libstdc++.so.6.0.20
7f9b38529000-7f9b38531000 r--p 000f0000 08:03 4596864                    /usr/lib/x86_64-linux-gnu/libstdc++.so.6.0.20
7f9b38531000-7f9b38533000 rw-p 000f8000 08:03 4596864                    /usr/lib/x86_64-linux-gnu/libstdc++.so.6.0.20
7f9b38533000-7f9b38548000 rw-p 00000000 00:00 0 
7f9b38548000-7f9b391d5000 r-xp 00000000 08:03 5511088                    /usr/lib/jvm/java-8-openjdk-amd64/jre/lib/amd64/server/libjvm.so
7f9b391d5000-7f9b393d5000 ---p 00c8d000 08:03 5511088                    /usr/lib/jvm/java-8-openjdk-amd64/jre/lib/amd64/server/libjvm.so
7f9b393d5000-7f9b39478000 r--p 00c8d000 08:03 5511088                    /usr/lib/jvm/java-8-openjdk-amd64/jre/lib/amd64/server/libjvm.so
7f9b39478000-7f9b394a1000 rw-p 00d30000 08:03 5511088                    /usr/lib/jvm/java-8-openjdk-amd64/jre/lib/amd64/server/libjvm.so
7f9b394a1000-7f9b394d0000 rw-p 00000000 00:00 0 
7f9b394d0000-7f9b394e8000 r-xp 00000000 08:03 6295875                    /lib/x86_64-linux-gnu/libpthread-2.21.so
7f9b394e8000-7f9b396e8000 ---p 00018000 08:03 6295875                    /lib/x86_64-linux-gnu/libpthread-2.21.so
7f9b396e8000-7f9b396e9000 r--p 00018000 08:03 6295875                    /lib/x86_64-linux-gnu/libpthread-2.21.so
7f9b396e9000-7f9b396ea000 rw-p 00019000 08:03 6295875                    /lib/x86_64-linux-gnu/libpthread-2.21.so
7f9b396ea000-7f9b396ee000 rw-p 00000000 00:00 0 
7f9b396ee000-7f9b396f1000 r-xp 00000000 08:03 6295759                    /lib/x86_64-linux-gnu/libdl-2.21.so
7f9b396f1000-7f9b398f0000 ---p 00003000 08:03 6295759                    /lib/x86_64-linux-gnu/libdl-2.21.so
7f9b398f0000-7f9b398f1000 r--p 00002000 08:03 6295759                    /lib/x86_64-linux-gnu/libdl-2.21.so
7f9b398f1000-7f9b398f2000 rw-p 00003000 08:03 6295759                    /lib/x86_64-linux-gnu/libdl-2.21.so
7f9b398f2000-7f9b3990b000 r-xp 00000000 08:03 6295916                    /lib/x86_64-linux-gnu/libz.so.1.2.8
7f9b3990b000-7f9b39b0b000 ---p 00019000 08:03 6295916                    /lib/x86_64-linux-gnu/libz.so.1.2.8
7f9b39b0b000-7f9b39b0c000 r--p 00019000 08:03 6295916                    /lib/x86_64-linux-gnu/libz.so.1.2.8
7f9b39b0c000-7f9b39b0d000 rw-p 0001a000 08:03 6295916                    /lib/x86_64-linux-gnu/libz.so.1.2.8
7f9b39b0d000-7f9b39ccd000 r-xp 00000000 08:03 6295742                    /lib/x86_64-linux-gnu/libc-2.21.so
7f9b39ccd000-7f9b39ecd000 ---p 001c0000 08:03 6295742                    /lib/x86_64-linux-gnu/libc-2.21.so
7f9b39ecd000-7f9b39ed1000 r--p 001c0000 08:03 6295742                    /lib/x86_64-linux-gnu/libc-2.21.so
7f9b39ed1000-7f9b39ed3000 rw-p 001c4000 08:03 6295742                    /lib/x86_64-linux-gnu/libc-2.21.so
7f9b39ed3000-7f9b39ed7000 rw-p 00000000 00:00 0 
7f9b39ed7000-7f9b39ee5000 r-xp 00000000 08:03 5649625                    /usr/lib/jvm/java-8-openjdk-amd64/jre/lib/amd64/jli/libjli.so
7f9b39ee5000-7f9b3a0e4000 ---p 0000e000 08:03 5649625                    /usr/lib/jvm/java-8-openjdk-amd64/jre/lib/amd64/jli/libjli.so
7f9b3a0e4000-7f9b3a0e5000 r--p 0000d000 08:03 5649625                    /usr/lib/jvm/java-8-openjdk-amd64/jre/lib/amd64/jli/libjli.so
7f9b3a0e5000-7f9b3a0e6000 rw-p 0000e000 08:03 5649625                    /usr/lib/jvm/java-8-openjdk-amd64/jre/lib/amd64/jli/libjli.so
7f9b3a0e6000-7f9b3a10a000 r-xp 00000000 08:03 6295714                    /lib/x86_64-linux-gnu/ld-2.21.so
7f9b3a10a000-7f9b3a10c000 r--s 00006000 08:03 4985572                    /usr/share/java/jayatana.jar
7f9b3a10c000-7f9b3a10e000 r--s 0000a000 08:03 3935697                    /home/anatole/netbeans-8.1/java/maven/boot/plexus-classworlds-2.4.jar
7f9b3a10e000-7f9b3a111000 r--s 0000f000 08:03 6427236                    /usr/lib/jvm/java-8-openjdk-amd64/jre/lib/ext/icedtea-sound.jar
7f9b3a111000-7f9b3a12d000 r--s 00393000 08:03 6427229                    /usr/lib/jvm/java-8-openjdk-amd64/jre/lib/ext/cldrdata.jar
7f9b3a12d000-7f9b3a1e7000 rw-p 00000000 00:00 0 
7f9b3a1e7000-7f9b3a1ea000 ---p 00000000 00:00 0 
7f9b3a1ea000-7f9b3a2ed000 rw-p 00000000 00:00 0                          [stack:9111]
7f9b3a2ed000-7f9b3a2ee000 r--s 00000000 08:03 4985573                    /usr/share/java/jayatanaag.jar
7f9b3a2ee000-7f9b3a2ef000 r--s 00010000 08:03 6427233                    /usr/lib/jvm/java-8-openjdk-amd64/jre/lib/ext/zipfs.jar
7f9b3a2ef000-7f9b3a2f2000 r--s 00037000 08:03 6427237                    /usr/lib/jvm/java-8-openjdk-amd64/jre/lib/ext/sunpkcs11.jar
7f9b3a2f2000-7f9b3a2f3000 r--s 00008000 08:03 6427231                    /usr/lib/jvm/java-8-openjdk-amd64/jre/lib/ext/sunec.jar
7f9b3a2f3000-7f9b3a2f9000 r--s 0003a000 08:03 6427234                    /usr/lib/jvm/java-8-openjdk-amd64/jre/lib/ext/sunjce_provider.jar
7f9b3a2f9000-7f9b3a2fb000 r--s 00006000 08:03 4986438                    /usr/share/java/java-atk-wrapper.jar
7f9b3a2fb000-7f9b3a2fd000 r--s 00001000 08:03 6427235                    /usr/lib/jvm/java-8-openjdk-amd64/jre/lib/ext/dnsns.jar
7f9b3a2fd000-7f9b3a305000 rw-s 00000000 08:03 3014926                    /tmp/hsperfdata_anatole/9108
7f9b3a305000-7f9b3a306000 rw-p 00000000 00:00 0 
7f9b3a306000-7f9b3a307000 ---p 00000000 00:00 0 
7f9b3a307000-7f9b3a309000 rw-p 00000000 00:00 0 
7f9b3a309000-7f9b3a30a000 r--p 00023000 08:03 6295714                    /lib/x86_64-linux-gnu/ld-2.21.so
7f9b3a30a000-7f9b3a30b000 rw-p 00024000 08:03 6295714                    /lib/x86_64-linux-gnu/ld-2.21.so
7f9b3a30b000-7f9b3a30c000 rw-p 00000000 00:00 0 
7ffd842a3000-7ffd842c4000 rw-p 00000000 00:00 0                          [stack]
7ffd843c9000-7ffd843cb000 r--p 00000000 00:00 0                          [vvar]
7ffd843cb000-7ffd843cd000 r-xp 00000000 00:00 0                          [vdso]
ffffffffff600000-ffffffffff601000 r-xp 00000000 00:00 0                  [vsyscall]

VM Arguments:
jvm_args: -javaagent:/usr/share/java/jayatanaag.jar -Dclassworlds.conf=/home/anatole/netbeans-8.1/java/maven/bin/m2.conf -Dmaven.home=/home/anatole/netbeans-8.1/java/maven 
java_command: org.codehaus.plexus.classworlds.launcher.Launcher -Dnetbeans.deploy=true -Dmaven.ext.class.path=/home/anatole/netbeans-8.1/java/maven-nblib/netbeans-eventspy.jar package
java_class_path (initial): /home/anatole/netbeans-8.1/java/maven/boot/plexus-classworlds-2.4.jar:/usr/share/java/jayatanaag.jar
Launcher Type: SUN_STANDARD

Environment Variables:
JAVA_HOME=/usr/lib/jvm/java-8-openjdk-amd64
JAVA_TOOL_OPTIONS=-javaagent:/usr/share/java/jayatanaag.jar 
PATH=/usr/local/sbin:/usr/local/bin:/usr/sbin:/usr/bin:/sbin:/bin:/usr/games:/usr/local/games
LD_LIBRARY_PATH=/usr/lib/jvm/java-8-openjdk-amd64/jre/lib/amd64:/usr/lib/jvm/java-8-openjdk-amd64/jre/lib/i386:
SHELL=/bin/bash
DISPLAY=:0

Signal Handlers:
SIGSEGV: [libjvm.so+0xa90d80], sa_mask[0]=11111111011111111101111111111110, sa_flags=SA_RESTART|SA_SIGINFO
SIGBUS: [libjvm.so+0xa90d80], sa_mask[0]=11111111011111111101111111111110, sa_flags=SA_RESTART|SA_SIGINFO
SIGFPE: [libjvm.so+0x8dbc70], sa_mask[0]=11111111011111111101111111111110, sa_flags=SA_RESTART|SA_SIGINFO
SIGPIPE: [libjvm.so+0x8dbc70], sa_mask[0]=11111111011111111101111111111110, sa_flags=SA_RESTART|SA_SIGINFO
SIGXFSZ: [libjvm.so+0x8dbc70], sa_mask[0]=11111111011111111101111111111110, sa_flags=SA_RESTART|SA_SIGINFO
SIGILL: [libjvm.so+0x8dbc70], sa_mask[0]=11111111011111111101111111111110, sa_flags=SA_RESTART|SA_SIGINFO
SIGUSR1: SIG_DFL, sa_mask[0]=00000000000000000000000000000000, sa_flags=none
SIGUSR2: [libjvm.so+0x8dbb20], sa_mask[0]=00100000000000000000000000000000, sa_flags=SA_RESTART|SA_SIGINFO
SIGHUP: [libjvm.so+0x8dbd40], sa_mask[0]=11111111011111111101111111111110, sa_flags=SA_RESTART|SA_SIGINFO
SIGINT: SIG_IGN, sa_mask[0]=00000000000000000000000000000000, sa_flags=none
SIGTERM: [libjvm.so+0x8dbd40], sa_mask[0]=11111111011111111101111111111110, sa_flags=SA_RESTART|SA_SIGINFO
SIGQUIT: [libjvm.so+0x8dbd40], sa_mask[0]=11111111011111111101111111111110, sa_flags=SA_RESTART|SA_SIGINFO


---------------  S Y S T E M  ---------------

OS:DISTRIB_ID=Ubuntu
DISTRIB_RELEASE=15.04
DISTRIB_CODENAME=vivid
DISTRIB_DESCRIPTION="Ubuntu 15.04"

uname:Linux 3.19.0-15-generic #15-Ubuntu SMP Thu Apr 16 23:32:37 UTC 2015 x86_64
libc:glibc 2.21 NPTL 2.21 
rlimit: STACK 8192k, CORE 0k, NPROC 14488, NOFILE 65536, AS infinity
load average:17,05 6,66 2,85

/proc/meminfo:
MemTotal:        3731428 kB
MemFree:          111316 kB
MemAvailable:      47716 kB
Buffers:             600 kB
Cached:           325568 kB
SwapCached:            0 kB
Active:          3169120 kB
Inactive:         287800 kB
Active(anon):    3164472 kB
Inactive(anon):   282916 kB
Active(file):       4648 kB
Inactive(file):     4884 kB
Unevictable:          48 kB
Mlocked:              48 kB
SwapTotal:             0 kB
SwapFree:              0 kB
Dirty:                36 kB
Writeback:             0 kB
AnonPages:       3130776 kB
Mapped:           104456 kB
Shmem:            316660 kB
Slab:              70804 kB
SReclaimable:      32208 kB
SUnreclaim:        38596 kB
KernelStack:       10800 kB
PageTables:        47244 kB
NFS_Unstable:          0 kB
Bounce:                0 kB
WritebackTmp:          0 kB
CommitLimit:     1865712 kB
Committed_AS:    7115968 kB
VmallocTotal:   34359738367 kB
VmallocUsed:      610992 kB
VmallocChunk:   34359082400 kB
HardwareCorrupted:     0 kB
AnonHugePages:   1480704 kB
CmaTotal:              0 kB
CmaFree:               0 kB
HugePages_Total:       0
HugePages_Free:        0
HugePages_Rsvd:        0
HugePages_Surp:        0
Hugepagesize:       2048 kB
DirectMap4k:      192704 kB
DirectMap2M:     3682304 kB
DirectMap1G:           0 kB


CPU:total 4 (2 cores per cpu, 2 threads per core) family 6 model 69 stepping 1, cmov, cx8, fxsr, mmx, sse, sse2, sse3, ssse3, sse4.1, sse4.2, popcnt, avx, avx2, aes, clmul, erms, rtm, lzcnt, ht, tsc, tscinvbit, bmi1, bmi2

/proc/cpuinfo:
processor	: 0
vendor_id	: GenuineIntel
cpu family	: 6
model		: 69
model name	: Intel(R) Core(TM) i5-4300U CPU @ 1.90GHz
stepping	: 1
microcode	: 0x17
cpu MHz		: 800.000
cache size	: 3072 KB
physical id	: 0
siblings	: 4
core id		: 0
cpu cores	: 2
apicid		: 0
initial apicid	: 0
fpu		: yes
fpu_exception	: yes
cpuid level	: 13
wp		: yes
flags		: fpu vme de pse tsc msr pae mce cx8 apic sep mtrr pge mca cmov pat pse36 clflush dts acpi mmx fxsr sse sse2 ss ht tm pbe syscall nx pdpe1gb rdtscp lm constant_tsc arch_perfmon pebs bts rep_good nopl xtopology nonstop_tsc aperfmperf eagerfpu pni pclmulqdq dtes64 monitor ds_cpl vmx smx est tm2 ssse3 fma cx16 xtpr pdcm pcid sse4_1 sse4_2 x2apic movbe popcnt tsc_deadline_timer aes xsave avx f16c rdrand lahf_lm abm ida arat epb pln pts dtherm tpr_shadow vnmi flexpriority ept vpid fsgsbase tsc_adjust bmi1 hle avx2 smep bmi2 erms invpcid rtm xsaveopt
bugs		:
bogomips	: 4988.26
clflush size	: 64
cache_alignment	: 64
address sizes	: 39 bits physical, 48 bits virtual
power management:

processor	: 1
vendor_id	: GenuineIntel
cpu family	: 6
model		: 69
model name	: Intel(R) Core(TM) i5-4300U CPU @ 1.90GHz
stepping	: 1
microcode	: 0x17
cpu MHz		: 907.812
cache size	: 3072 KB
physical id	: 0
siblings	: 4
core id		: 0
cpu cores	: 2
apicid		: 1
initial apicid	: 1
fpu		: yes
fpu_exception	: yes
cpuid level	: 13
wp		: yes
flags		: fpu vme de pse tsc msr pae mce cx8 apic sep mtrr pge mca cmov pat pse36 clflush dts acpi mmx fxsr sse sse2 ss ht tm pbe syscall nx pdpe1gb rdtscp lm constant_tsc arch_perfmon pebs bts rep_good nopl xtopology nonstop_tsc aperfmperf eagerfpu pni pclmulqdq dtes64 monitor ds_cpl vmx smx est tm2 ssse3 fma cx16 xtpr pdcm pcid sse4_1 sse4_2 x2apic movbe popcnt tsc_deadline_timer aes xsave avx f16c rdrand lahf_lm abm ida arat epb pln pts dtherm tpr_shadow vnmi flexpriority ept vpid fsgsbase tsc_adjust bmi1 hle avx2 smep bmi2 erms invpcid rtm xsaveopt
bugs		:
bogomips	: 4988.26
clflush size	: 64
cache_alignment	: 64
address sizes	: 39 bits physical, 48 bits virtual
power management:

processor	: 2
vendor_id	: GenuineIntel
cpu family	: 6
model		: 69
model name	: Intel(R) Core(TM) i5-4300U CPU @ 1.90GHz
stepping	: 1
microcode	: 0x17
cpu MHz		: 800.000
cache size	: 3072 KB
physical id	: 0
siblings	: 4
core id		: 1
cpu cores	: 2
apicid		: 2
initial apicid	: 2
fpu		: yes
fpu_exception	: yes
cpuid level	: 13
wp		: yes
flags		: fpu vme de pse tsc msr pae mce cx8 apic sep mtrr pge mca cmov pat pse36 clflush dts acpi mmx fxsr sse sse2 ss ht tm pbe syscall nx pdpe1gb rdtscp lm constant_tsc arch_perfmon pebs bts rep_good nopl xtopology nonstop_tsc aperfmperf eagerfpu pni pclmulqdq dtes64 monitor ds_cpl vmx smx est tm2 ssse3 fma cx16 xtpr pdcm pcid sse4_1 sse4_2 x2apic movbe popcnt tsc_deadline_timer aes xsave avx f16c rdrand lahf_lm abm ida arat epb pln pts dtherm tpr_shadow vnmi flexpriority ept vpid fsgsbase tsc_adjust bmi1 hle avx2 smep bmi2 erms invpcid rtm xsaveopt
bugs		:
bogomips	: 4988.26
clflush size	: 64
cache_alignment	: 64
address sizes	: 39 bits physical, 48 bits virtual
power management:

processor	: 3
vendor_id	: GenuineIntel
cpu family	: 6
model		: 69
model name	: Intel(R) Core(TM) i5-4300U CPU @ 1.90GHz
stepping	: 1
microcode	: 0x17
cpu MHz		: 845.214
cache size	: 3072 KB
physical id	: 0
siblings	: 4
core id		: 1
cpu cores	: 2
apicid		: 3
initial apicid	: 3
fpu		: yes
fpu_exception	: yes
cpuid level	: 13
wp		: yes
flags		: fpu vme de pse tsc msr pae mce cx8 apic sep mtrr pge mca cmov pat pse36 clflush dts acpi mmx fxsr sse sse2 ss ht tm pbe syscall nx pdpe1gb rdtscp lm constant_tsc arch_perfmon pebs bts rep_good nopl xtopology nonstop_tsc aperfmperf eagerfpu pni pclmulqdq dtes64 monitor ds_cpl vmx smx est tm2 ssse3 fma cx16 xtpr pdcm pcid sse4_1 sse4_2 x2apic movbe popcnt tsc_deadline_timer aes xsave avx f16c rdrand lahf_lm abm ida arat epb pln pts dtherm tpr_shadow vnmi flexpriority ept vpid fsgsbase tsc_adjust bmi1 hle avx2 smep bmi2 erms invpcid rtm xsaveopt
bugs		:
bogomips	: 4988.26
clflush size	: 64
cache_alignment	: 64
address sizes	: 39 bits physical, 48 bits virtual
power management:



Memory: 4k page, physical 3731428k(110572k free), swap 0k(0k free)

vm_info: OpenJDK 64-Bit Server VM (25.45-b02) for linux-amd64 JRE (1.8.0_45-internal-b14), built on Apr 20 2015 00:35:04 by "buildd" with gcc 4.9.2

time: Fri Dec  4 18:04:23 2015
elapsed time: 145 seconds (0d 0h 2m 25s)

