#
# There is insufficient memory for the Java Runtime Environment to continue.
# Native memory allocation (mmap) failed to map 42991616 bytes for committing reserved memory.
# Possible reasons:
#   The system is out of physical RAM or swap space
#   In 32 bit mode, the process size limit was hit
# Possible solutions:
#   Reduce memory load on the system
#   Increase physical memory or swap space
#   Check if swap backing store is full
#   Use 64 bit Java on a 64 bit OS
#   Decrease Java heap size (-Xmx/-Xms)
#   Decrease number of Java threads
#   Decrease Java thread stack sizes (-Xss)
#   Set larger code cache with -XX:ReservedCodeCacheSize=
# This output file may be truncated or incomplete.
#
#  Out of Memory Error (os_linux.cpp:2673), pid=4594, tid=140454183532288
#
# JRE version: OpenJDK Runtime Environment (8.0_45-b14) (build 1.8.0_45-internal-b14)
# Java VM: OpenJDK 64-Bit Server VM (25.45-b02 mixed mode linux-amd64 compressed oops)
# Failed to write core dump. Core dumps have been disabled. To enable core dumping, try "ulimit -c unlimited" before starting Java again
#

---------------  T H R E A D  ---------------

Current thread (0x00007fbe2013f800):  VMThread [stack: 0x00007fbe09a77000,0x00007fbe09b78000] [id=4602]

Stack: [0x00007fbe09a77000,0x00007fbe09b78000],  sp=0x00007fbe09b764b0,  free space=1021k
Native frames: (J=compiled Java code, j=interpreted, Vv=VM code, C=native code)
V  [libjvm.so+0xa902bd]  VMError::report_and_die()+0x15d
V  [libjvm.so+0x4e783c]  report_vm_out_of_memory(char const*, int, unsigned long, VMErrorType, char const*)+0xac
V  [libjvm.so+0x8e03b0]  os::pd_commit_memory(char*, unsigned long, unsigned long, bool)+0xf0
V  [libjvm.so+0x8daaee]  os::commit_memory(char*, unsigned long, unsigned long, bool)+0x2e
V  [libjvm.so+0x955a9b]  PSVirtualSpace::expand_by(unsigned long)+0x5b
V  [libjvm.so+0x956e03]  PSYoungGen::resize(unsigned long, unsigned long)+0x103
V  [libjvm.so+0x953a8e]  PSScavenge::invoke_no_policy()+0x14be
V  [libjvm.so+0x94c149]  PSParallelCompact::invoke(bool)+0x49
V  [libjvm.so+0x466ed3]  CollectedHeap::collect_as_vm_thread(GCCause::Cause)+0x163
V  [libjvm.so+0xa91719]  VM_CollectForMetadataAllocation::doit()+0x169
V  [libjvm.so+0xa968f7]  VM_Operation::evaluate()+0x47
V  [libjvm.so+0xa94c17]  VMThread::evaluate_operation(VM_Operation*)+0xe7
V  [libjvm.so+0xa95447]  VMThread::loop()+0x227
V  [libjvm.so+0xa95991]  VMThread::run()+0x81
V  [libjvm.so+0x8dd8a2]  java_start(Thread*)+0xf2

VM_Operation (0x00007fbe083282c0): CollectForMetadataAllocation, mode: safepoint, requested by thread 0x00007fbe20209000


---------------  P R O C E S S  ---------------

Java Threads: ( => current thread )
  0x00007fbe20685000 JavaThread "process reaper" daemon [_thread_blocked, id=4613, stack(0x00007fbe100a5000,0x00007fbe100de000)]
  0x00007fbe20216800 JavaThread "Service Thread" daemon [_thread_blocked, id=4609, stack(0x00007fbe08128000,0x00007fbe08229000)]
  0x00007fbe20209000 JavaThread "C1 CompilerThread2" daemon [_thread_blocked, id=4608, stack(0x00007fbe08229000,0x00007fbe0832a000)]
  0x00007fbe20207000 JavaThread "C2 CompilerThread1" daemon [_thread_blocked, id=4607, stack(0x00007fbe0832a000,0x00007fbe0842b000)]
  0x00007fbe201fa000 JavaThread "C2 CompilerThread0" daemon [_thread_blocked, id=4606, stack(0x00007fbe0842b000,0x00007fbe0852c000)]
  0x00007fbe20171800 JavaThread "Signal Dispatcher" daemon [_thread_blocked, id=4605, stack(0x00007fbe09091000,0x00007fbe09192000)]
  0x00007fbe20147000 JavaThread "Finalizer" daemon [_thread_blocked, id=4604, stack(0x00007fbe09875000,0x00007fbe09976000)]
  0x00007fbe20145000 JavaThread "Reference Handler" daemon [_thread_blocked, id=4603, stack(0x00007fbe09976000,0x00007fbe09a77000)]
  0x00007fbe2000b000 JavaThread "main" [_thread_blocked, id=4597, stack(0x00007fbe28709000,0x00007fbe2880a000)]

Other Threads:
=>0x00007fbe2013f800 VMThread [stack: 0x00007fbe09a77000,0x00007fbe09b78000] [id=4602]
  0x00007fbe20219000 WatcherThread [stack: 0x00007fbe08027000,0x00007fbe08128000] [id=4610]

VM state:at safepoint (normal execution)

VM Mutex/Monitor currently owned by a thread:  ([mutex/lock_event])
[0x00007fbe200074f0] Threads_lock - owner thread: 0x00007fbe2013f800
[0x00007fbe200079f0] Heap_lock - owner thread: 0x00007fbe20209000
[0x00007fbe20007f70] MethodData_lock - owner thread: 0x00007fbe20209000

Heap:
 PSYoungGen      total 83456K, used 512K [0x00000000ed000000, 0x00000000f2e00000, 0x0000000100000000)
  eden space 74752K, 0% used [0x00000000ed000000,0x00000000ed000000,0x00000000f1900000)
  from space 8704K, 5% used [0x00000000f1900000,0x00000000f1980000,0x00000000f2180000)
  to   space 4608K, 0% used [0x00000000f2180000,0x00000000f2180000,0x00000000f2600000)
 ParOldGen       total 39936K, used 27132K [0x00000000c7000000, 0x00000000c9700000, 0x00000000ed000000)
  object space 39936K, 67% used [0x00000000c7000000,0x00000000c8a7f318,0x00000000c9700000)
 Metaspace       used 20534K, capacity 21070K, committed 21296K, reserved 1069056K
  class space    used 2364K, capacity 2563K, committed 2688K, reserved 1048576K

Card table byte_map: [0x00007fbe24a19000,0x00007fbe24be2000] byte_map_base: 0x00007fbe243e1000

Marking Bits: (ParMarkBitMap*) 0x00007fbe279d6e80
 Begin Bits: [0x00007fbe0a380000, 0x00007fbe0b1c0000)
 End Bits:   [0x00007fbe0b1c0000, 0x00007fbe0c000000)

Polling page: 0x00007fbe28828000

CodeCache: size=245760Kb used=11305Kb max_used=11305Kb free=234454Kb
 bounds [0x00007fbe11000000, 0x00007fbe11b20000, 0x00007fbe20000000]
 total_blobs=3557 nmethods=3189 adapters=282
 compilation: enabled

Compilation events (10 events):
Event: 17,169 Thread 0x00007fbe20209000 nmethod 3447 0x00007fbe11afd010 code [0x00007fbe11afd160, 0x00007fbe11afd270]
Event: 17,169 Thread 0x00007fbe20209000 3446       3       com.sun.tools.javac.jvm.ClassReader::setParameterNames (229 bytes)
Event: 17,171 Thread 0x00007fbe20209000 nmethod 3446 0x00007fbe11b12c50 code [0x00007fbe11b13000, 0x00007fbe11b15348]
Event: 17,171 Thread 0x00007fbe20209000 3450       1       com.sun.tools.javac.code.Type$JCNoType::getTag (4 bytes)
Event: 17,171 Thread 0x00007fbe20209000 nmethod 3450 0x00007fbe11b12390 code [0x00007fbe11b124e0, 0x00007fbe11b125f0]
Event: 17,171 Thread 0x00007fbe20209000 3448       3       com.sun.tools.javac.comp.Check::checkDisjoint (63 bytes)
Event: 17,172 Thread 0x00007fbe20209000 nmethod 3448 0x00007fbe11b11050 code [0x00007fbe11b11260, 0x00007fbe11b11d78]
Event: 17,172 Thread 0x00007fbe20209000 3449       1       com.sun.tools.javac.comp.Resolve$ResolveError::exists (2 bytes)
Event: 17,172 Thread 0x00007fbe20209000 nmethod 3449 0x00007fbe11b10d90 code [0x00007fbe11b10ee0, 0x00007fbe11b10ff0]
Event: 17,185 Thread 0x00007fbe20209000 3451       3       com.sun.tools.javac.code.Type$PackageType::getTag (4 bytes)

GC Heap History (10 events):
Event: 8,276 GC heap after
Heap after GC invocations=8 (full 0):
 PSYoungGen      total 35840K, used 3568K [0x00000000ed000000, 0x00000000ef800000, 0x0000000100000000)
  eden space 30720K, 0% used [0x00000000ed000000,0x00000000ed000000,0x00000000eee00000)
  from space 5120K, 69% used [0x00000000ef300000,0x00000000ef67c010,0x00000000ef800000)
  to   space 5120K, 0% used [0x00000000eee00000,0x00000000eee00000,0x00000000ef300000)
 ParOldGen       total 39936K, used 7426K [0x00000000c7000000, 0x00000000c9700000, 0x00000000ed000000)
  object space 39936K, 18% used [0x00000000c7000000,0x00000000c7740950,0x00000000c9700000)
 Metaspace       used 13638K, capacity 14002K, committed 14336K, reserved 1062912K
  class space    used 1596K, capacity 1696K, committed 1792K, reserved 1048576K
}
Event: 8,809 GC heap before
{Heap before GC invocations=9 (full 0):
 PSYoungGen      total 35840K, used 34288K [0x00000000ed000000, 0x00000000ef800000, 0x0000000100000000)
  eden space 30720K, 100% used [0x00000000ed000000,0x00000000eee00000,0x00000000eee00000)
  from space 5120K, 69% used [0x00000000ef300000,0x00000000ef67c010,0x00000000ef800000)
  to   space 5120K, 0% used [0x00000000eee00000,0x00000000eee00000,0x00000000ef300000)
 ParOldGen       total 39936K, used 7426K [0x00000000c7000000, 0x00000000c9700000, 0x00000000ed000000)
  object space 39936K, 18% used [0x00000000c7000000,0x00000000c7740950,0x00000000c9700000)
 Metaspace       used 13854K, capacity 14202K, committed 14336K, reserved 1062912K
  class space    used 1598K, capacity 1699K, committed 1792K, reserved 1048576K
Event: 8,823 GC heap after
Heap after GC invocations=9 (full 0):
 PSYoungGen      total 35840K, used 2592K [0x00000000ed000000, 0x00000000f0a00000, 0x0000000100000000)
  eden space 30720K, 0% used [0x00000000ed000000,0x00000000ed000000,0x00000000eee00000)
  from space 5120K, 50% used [0x00000000eee00000,0x00000000ef088000,0x00000000ef300000)
  to   space 5120K, 0% used [0x00000000f0500000,0x00000000f0500000,0x00000000f0a00000)
 ParOldGen       total 39936K, used 9532K [0x00000000c7000000, 0x00000000c9700000, 0x00000000ed000000)
  object space 39936K, 23% used [0x00000000c7000000,0x00000000c794f180,0x00000000c9700000)
 Metaspace       used 13854K, capacity 14202K, committed 14336K, reserved 1062912K
  class space    used 1598K, capacity 1699K, committed 1792K, reserved 1048576K
}
Event: 9,455 GC heap before
{Heap before GC invocations=10 (full 0):
 PSYoungGen      total 35840K, used 33312K [0x00000000ed000000, 0x00000000f0a00000, 0x0000000100000000)
  eden space 30720K, 100% used [0x00000000ed000000,0x00000000eee00000,0x00000000eee00000)
  from space 5120K, 50% used [0x00000000eee00000,0x00000000ef088000,0x00000000ef300000)
  to   space 5120K, 0% used [0x00000000f0500000,0x00000000f0500000,0x00000000f0a00000)
 ParOldGen       total 39936K, used 9532K [0x00000000c7000000, 0x00000000c9700000, 0x00000000ed000000)
  object space 39936K, 23% used [0x00000000c7000000,0x00000000c794f180,0x00000000c9700000)
 Metaspace       used 14246K, capacity 14674K, committed 14848K, reserved 1062912K
  class space    used 1637K, capacity 1771K, committed 1792K, reserved 1048576K
Event: 9,473 GC heap after
Heap after GC invocations=10 (full 0):
 PSYoungGen      total 54272K, used 2960K [0x00000000ed000000, 0x00000000f0a00000, 0x0000000100000000)
  eden space 49152K, 0% used [0x00000000ed000000,0x00000000ed000000,0x00000000f0000000)
  from space 5120K, 57% used [0x00000000f0500000,0x00000000f07e4010,0x00000000f0a00000)
  to   space 5120K, 0% used [0x00000000f0000000,0x00000000f0000000,0x00000000f0500000)
 ParOldGen       total 39936K, used 10668K [0x00000000c7000000, 0x00000000c9700000, 0x00000000ed000000)
  object space 39936K, 26% used [0x00000000c7000000,0x00000000c7a6b180,0x00000000c9700000)
 Metaspace       used 14246K, capacity 14674K, committed 14848K, reserved 1062912K
  class space    used 1637K, capacity 1771K, committed 1792K, reserved 1048576K
}
Event: 12,332 GC heap before
{Heap before GC invocations=11 (full 0):
 PSYoungGen      total 54272K, used 52112K [0x00000000ed000000, 0x00000000f0a00000, 0x0000000100000000)
  eden space 49152K, 100% used [0x00000000ed000000,0x00000000f0000000,0x00000000f0000000)
  from space 5120K, 57% used [0x00000000f0500000,0x00000000f07e4010,0x00000000f0a00000)
  to   space 5120K, 0% used [0x00000000f0000000,0x00000000f0000000,0x00000000f0500000)
 ParOldGen       total 39936K, used 10668K [0x00000000c7000000, 0x00000000c9700000, 0x00000000ed000000)
  object space 39936K, 26% used [0x00000000c7000000,0x00000000c7a6b180,0x00000000c9700000)
 Metaspace       used 17265K, capacity 17838K, committed 18176K, reserved 1064960K
  class space    used 2016K, capacity 2211K, committed 2304K, reserved 1048576K
Event: 12,340 GC heap after
Heap after GC invocations=11 (full 0):
 PSYoungGen      total 54272K, used 3326K [0x00000000ed000000, 0x00000000f2600000, 0x0000000100000000)
  eden space 49152K, 0% used [0x00000000ed000000,0x00000000ed000000,0x00000000f0000000)
  from space 5120K, 64% used [0x00000000f0000000,0x00000000f033fb88,0x00000000f0500000)
  to   space 4608K, 0% used [0x00000000f2180000,0x00000000f2180000,0x00000000f2600000)
 ParOldGen       total 39936K, used 12892K [0x00000000c7000000, 0x00000000c9700000, 0x00000000ed000000)
  object space 39936K, 32% used [0x00000000c7000000,0x00000000c7c97180,0x00000000c9700000)
 Metaspace       used 17265K, capacity 17838K, committed 18176K, reserved 1064960K
  class space    used 2016K, capacity 2211K, committed 2304K, reserved 1048576K
}
Event: 16,882 GC heap before
{Heap before GC invocations=12 (full 0):
 PSYoungGen      total 54272K, used 52478K [0x00000000ed000000, 0x00000000f2600000, 0x0000000100000000)
  eden space 49152K, 100% used [0x00000000ed000000,0x00000000f0000000,0x00000000f0000000)
  from space 5120K, 64% used [0x00000000f0000000,0x00000000f033fb88,0x00000000f0500000)
  to   space 4608K, 0% used [0x00000000f2180000,0x00000000f2180000,0x00000000f2600000)
 ParOldGen       total 39936K, used 12892K [0x00000000c7000000, 0x00000000c9700000, 0x00000000ed000000)
  object space 39936K, 32% used [0x00000000c7000000,0x00000000c7c97180,0x00000000c9700000)
 Metaspace       used 20473K, capacity 21006K, committed 21296K, reserved 1069056K
  class space    used 2364K, capacity 2563K, committed 2688K, reserved 1048576K
Event: 16,910 GC heap after
Heap after GC invocations=12 (full 0):
 PSYoungGen      total 79360K, used 4587K [0x00000000ed000000, 0x00000000f2e00000, 0x0000000100000000)
  eden space 74752K, 0% used [0x00000000ed000000,0x00000000ed000000,0x00000000f1900000)
  from space 4608K, 99% used [0x00000000f2180000,0x00000000f25fad10,0x00000000f2600000)
  to   space 8704K, 0% used [0x00000000f1900000,0x00000000f1900000,0x00000000f2180000)
 ParOldGen       total 39936K, used 22523K [0x00000000c7000000, 0x00000000c9700000, 0x00000000ed000000)
  object space 39936K, 56% used [0x00000000c7000000,0x00000000c85fec88,0x00000000c9700000)
 Metaspace       used 20473K, capacity 21006K, committed 21296K, reserved 1069056K
  class space    used 2364K, capacity 2563K, committed 2688K, reserved 1048576K
}
Event: 17,261 GC heap before
{Heap before GC invocations=13 (full 0):
 PSYoungGen      total 79360K, used 9057K [0x00000000ed000000, 0x00000000f2e00000, 0x0000000100000000)
  eden space 74752K, 5% used [0x00000000ed000000,0x00000000ed45d770,0x00000000f1900000)
  from space 4608K, 99% used [0x00000000f2180000,0x00000000f25fad10,0x00000000f2600000)
  to   space 8704K, 0% used [0x00000000f1900000,0x00000000f1900000,0x00000000f2180000)
 ParOldGen       total 39936K, used 22523K [0x00000000c7000000, 0x00000000c9700000, 0x00000000ed000000)
  object space 39936K, 56% used [0x00000000c7000000,0x00000000c85fec88,0x00000000c9700000)
 Metaspace       used 20534K, capacity 21070K, committed 21296K, reserved 1069056K
  class space    used 2364K, capacity 2563K, committed 2688K, reserved 1048576K

Deoptimization events (10 events):
Event: 15,149 Thread 0x00007fbe2000b000 Uncommon trap: reason=predicate action=maybe_recompile pc=0x00007fbe11a8da0c method=java.util.ComparableTimSort.binarySort([Ljava/lang/Object;III)V @ 37
Event: 15,318 Thread 0x00007fbe2000b000 Uncommon trap: reason=array_check action=maybe_recompile pc=0x00007fbe11a8b510 method=java.util.ComparableTimSort.binarySort([Ljava/lang/Object;III)V @ 215
Event: 15,318 Thread 0x00007fbe2000b000 Uncommon trap: reason=array_check action=maybe_recompile pc=0x00007fbe11a8f36c method=java.util.ComparableTimSort.binarySort([Ljava/lang/Object;III)V @ 215
Event: 15,318 Thread 0x00007fbe2000b000 Uncommon trap: reason=array_check action=maybe_recompile pc=0x00007fbe11a8b510 method=java.util.ComparableTimSort.binarySort([Ljava/lang/Object;III)V @ 215
Event: 15,318 Thread 0x00007fbe2000b000 Uncommon trap: reason=array_check action=maybe_recompile pc=0x00007fbe11a8b510 method=java.util.ComparableTimSort.binarySort([Ljava/lang/Object;III)V @ 215
Event: 15,612 Thread 0x00007fbe2000b000 Uncommon trap: reason=array_check action=maybe_recompile pc=0x00007fbe11aa86bc method=java.util.ComparableTimSort.binarySort([Ljava/lang/Object;III)V @ 193
Event: 15,612 Thread 0x00007fbe2000b000 Uncommon trap: reason=array_check action=maybe_recompile pc=0x00007fbe11aa86bc method=java.util.ComparableTimSort.binarySort([Ljava/lang/Object;III)V @ 193
Event: 15,858 Thread 0x00007fbe2000b000 Uncommon trap: reason=array_check action=maybe_recompile pc=0x00007fbe11a91250 method=java.util.ComparableTimSort.binarySort([Ljava/lang/Object;III)V @ 183
Event: 17,044 Thread 0x00007fbe2000b000 Uncommon trap: reason=unstable_if action=reinterpret pc=0x00007fbe11afd8f8 method=com.sun.tools.javac.code.Scope.getIndex(Lcom/sun/tools/javac/util/Name;)I @ 60
Event: 17,169 Thread 0x00007fbe2000b000 Uncommon trap: reason=unstable_if action=reinterpret pc=0x00007fbe11ab999c method=com.sun.tools.javac.util.Name$Table.equals([BI[BII)Z @ 22

Internal exceptions (10 events):
Event: 5,961 Thread 0x00007fbe2000b000 Implicit null exception at 0x00007fbe113c4475 to 0x00007fbe113c467d
Event: 5,961 Thread 0x00007fbe2000b000 Implicit null exception at 0x00007fbe112d9aaf to 0x00007fbe112d9b19
Event: 6,046 Thread 0x00007fbe2000b000 Implicit null exception at 0x00007fbe11535c7c to 0x00007fbe11536655
Event: 9,505 Thread 0x00007fbe2000b000 Exception <a 'java/lang/NoClassDefFoundError': org/slf4j/Logger> (0x00000000ed530528) thrown at [/build/buildd/openjdk-8-8u45-b14/src/hotspot/src/share/vm/oops/constantPool.cpp, line 235]
Event: 9,957 Thread 0x00007fbe2000b000 Exception <a 'java/lang/NoClassDefFoundError': org/slf4j/Logger> (0x00000000edfeaad8) thrown at [/build/buildd/openjdk-8-8u45-b14/src/hotspot/src/share/vm/oops/constantPool.cpp, line 235]
Event: 10,325 Thread 0x00007fbe2000b000 Exception <a 'java/lang/NoClassDefFoundError': org/slf4j/Logger> (0x00000000ef4b2438) thrown at [/build/buildd/openjdk-8-8u45-b14/src/hotspot/src/share/vm/oops/constantPool.cpp, line 235]
Event: 10,650 Thread 0x00007fbe2000b000 Exception <a 'java/lang/ClassNotFoundException': com/sun/tools/javac/api/JavacTool> (0x00000000ef79ee18) thrown at [/build/buildd/openjdk-8-8u45-b14/src/hotspot/src/share/vm/classfile/systemDictionary.cpp, line 210]
Event: 15,055 Thread 0x00007fbe2000b000 Exception <a 'java/io/FileNotFoundException'> (0x00000000ef45ae00) thrown at [/build/buildd/openjdk-8-8u45-b14/src/hotspot/src/share/vm/prims/jni.cpp, line 709]
Event: 15,150 Thread 0x00007fbe2000b000 Exception <a 'java/io/FileNotFoundException'> (0x00000000ef481500) thrown at [/build/buildd/openjdk-8-8u45-b14/src/hotspot/src/share/vm/prims/jni.cpp, line 709]
Event: 15,150 Thread 0x00007fbe2000b000 Exception <a 'java/io/FileNotFoundException'> (0x00000000ef482040) thrown at [/build/buildd/openjdk-8-8u45-b14/src/hotspot/src/share/vm/prims/jni.cpp, line 709]

Events (10 events):
Event: 16,910 Executing VM operation: ParallelGCFailedAllocation done
Event: 16,965 Thread 0x00007fbe2000b000 DEOPT PACKING pc=0x00007fbe11abcee7 sp=0x00007fbe28806480
Event: 16,966 Thread 0x00007fbe2000b000 DEOPT UNPACKING pc=0x00007fbe11047373 sp=0x00007fbe28806228 mode 0
Event: 17,044 Thread 0x00007fbe2000b000 Uncommon trap: trap_request=0xffffff65 fr.pc=0x00007fbe11afd8f8
Event: 17,044 Thread 0x00007fbe2000b000 DEOPT PACKING pc=0x00007fbe11afd8f8 sp=0x00007fbe288055b0
Event: 17,044 Thread 0x00007fbe2000b000 DEOPT UNPACKING pc=0x00007fbe11004f69 sp=0x00007fbe28805548 mode 2
Event: 17,169 Thread 0x00007fbe2000b000 Uncommon trap: trap_request=0xffffff65 fr.pc=0x00007fbe11ab999c
Event: 17,169 Thread 0x00007fbe2000b000 DEOPT PACKING pc=0x00007fbe11ab999c sp=0x00007fbe288052a0
Event: 17,169 Thread 0x00007fbe2000b000 DEOPT UNPACKING pc=0x00007fbe11004f69 sp=0x00007fbe28805240 mode 2
Event: 17,232 Executing VM operation: CollectForMetadataAllocation


Dynamic libraries:
00400000-00401000 r-xp 00000000 08:03 6559393                            /usr/lib/jvm/java-8-openjdk-amd64/jre/bin/java
00600000-00601000 r--p 00000000 08:03 6559393                            /usr/lib/jvm/java-8-openjdk-amd64/jre/bin/java
00601000-00602000 rw-p 00001000 08:03 6559393                            /usr/lib/jvm/java-8-openjdk-amd64/jre/bin/java
01dd4000-01df5000 rw-p 00000000 00:00 0                                  [heap]
c7000000-c9700000 rw-p 00000000 00:00 0 
c9700000-ed000000 ---p 00000000 00:00 0 
ed000000-f2e00000 rw-p 00000000 00:00 0 
f5700000-100000000 ---p 00000000 00:00 0 
100000000-1002a0000 rw-p 00000000 00:00 0 
1002a0000-140000000 ---p 00000000 00:00 0 
7fbdd0000000-7fbdd0021000 rw-p 00000000 00:00 0 
7fbdd0021000-7fbdd4000000 ---p 00000000 00:00 0 
7fbdd4000000-7fbdd4021000 rw-p 00000000 00:00 0 
7fbdd4021000-7fbdd8000000 ---p 00000000 00:00 0 
7fbddaa83000-7fbddaab0000 rw-p 00000000 00:00 0 
7fbddaab0000-7fbddac84000 ---p 00000000 00:00 0 
7fbddac84000-7fbddac87000 r--s 00015000 08:03 5246682                    /usr/lib/jvm/java-8-openjdk-amd64/jre/lib/jce.jar
7fbddac87000-7fbddac88000 r--s 0000c000 08:03 7867961                    /home/anatole/.m2/repository/org/eclipse/persistence/org.eclipse.persistence.jpa.modelgen.processor/2.5.2/org.eclipse.persistence.jpa.modelgen.processor-2.5.2.jar
7fbddac88000-7fbddac8a000 r--s 00004000 08:03 7616889                    /home/anatole/.m2/repository/org/eclipse/persistence/commonj.sdo/2.1.1/commonj.sdo-2.1.1.jar
7fbddac8a000-7fbddac90000 r--s 00022000 08:03 7345115                    /home/anatole/.m2/repository/org/eclipse/persistence/javax.persistence/2.1.0/javax.persistence-2.1.0.jar
7fbddac90000-7fbddad0c000 r--s 007c0000 08:03 7084500                    /home/anatole/.m2/repository/org/eclipse/persistence/eclipselink/2.5.2/eclipselink-2.5.2.jar
7fbddad0c000-7fbddad13000 r--s 00037000 08:03 9057322                    /home/anatole/.m2/repository/org/springframework/spring-tx/4.1.4.RELEASE/spring-tx-4.1.4.RELEASE.jar
7fbddad13000-7fbddad1b000 r--s 00054000 08:03 8786623                    /home/anatole/.m2/repository/org/springframework/spring-orm/4.1.4.RELEASE/spring-orm-4.1.4.RELEASE.jar
7fbddad1b000-7fbddad2a000 r--s 0009c000 08:03 8782780                    /home/anatole/.m2/repository/org/springframework/spring-web/4.1.1.RELEASE/spring-web-4.1.1.RELEASE.jar
7fbddad2a000-7fbddad39000 r--s 000af000 08:03 8782779                    /home/anatole/.m2/repository/org/springframework/spring-webmvc/4.1.1.RELEASE/spring-webmvc-4.1.1.RELEASE.jar
7fbddad39000-7fbddad3b000 r--s 00000000 08:03 8782777                    /home/anatole/.m2/repository/aopalliance/aopalliance/1.0/aopalliance-1.0.jar
7fbddad3b000-7fbddad44000 r--s 0004f000 08:03 8782774                    /home/anatole/.m2/repository/org/springframework/spring-aop/4.1.1.RELEASE/spring-aop-4.1.1.RELEASE.jar
7fbddad44000-7fbddad48000 r--s 00039000 08:03 8782770                    /home/anatole/.m2/repository/org/springframework/spring-expression/4.1.1.RELEASE/spring-expression-4.1.1.RELEASE.jar
7fbddad48000-7fbddad5d000 r--s 000e1000 08:03 8782771                    /home/anatole/.m2/repository/org/springframework/spring-core/4.1.1.RELEASE/spring-core-4.1.1.RELEASE.jar
7fbddad5d000-7fbddad6a000 r--s 0009f000 08:03 8782768                    /home/anatole/.m2/repository/org/springframework/spring-beans/4.1.1.RELEASE/spring-beans-4.1.1.RELEASE.jar
7fbddad6a000-7fbddad82000 r--s 000e3000 08:03 8782769                    /home/anatole/.m2/repository/org/springframework/spring-context/4.1.1.RELEASE/spring-context-4.1.1.RELEASE.jar
7fbddad82000-7fbddad87000 r--s 00068000 08:03 8782271                    /home/anatole/.m2/repository/antlr/antlr/2.7.7/antlr-2.7.7.jar
7fbddad87000-7fbddad91000 r--s 000a5000 08:03 8658589                    /home/anatole/.m2/repository/org/javassist/javassist/3.18.1-GA/javassist-3.18.1-GA.jar
7fbddad91000-7fbddadef000 r--s 004a5000 08:03 8658600                    /home/anatole/.m2/repository/org/hibernate/hibernate-core/4.3.6.Final/hibernate-core-4.3.6.Final.jar
7fbddadef000-7fbddae5d000 r--s 00920000 08:03 6695981                    /home/anatole/.m2/repository/org/aspectj/aspectjtools/1.7.4/aspectjtools-1.7.4.jar
7fbddae5d000-7fbddb05d000 rw-p 00000000 00:00 0 
7fbddb05d000-7fbddb25d000 rw-p 00000000 00:00 0 
7fbddb25d000-7fbddb2d5000 r--s 010ee000 08:03 6559484                    /usr/lib/jvm/java-8-openjdk-amd64/lib/tools.jar
7fbddb2d5000-7fbddb4d5000 rw-p 00000000 00:00 0 
7fbddb4d5000-7fbddb4e6000 r-xp 00000000 08:03 5377226                    /usr/lib/jvm/java-8-openjdk-amd64/jre/lib/amd64/libnio.so
7fbddb4e6000-7fbddb6e5000 ---p 00011000 08:03 5377226                    /usr/lib/jvm/java-8-openjdk-amd64/jre/lib/amd64/libnio.so
7fbddb6e5000-7fbddb6e6000 r--p 00010000 08:03 5377226                    /usr/lib/jvm/java-8-openjdk-amd64/jre/lib/amd64/libnio.so
7fbddb6e6000-7fbddb6e7000 rw-p 00011000 08:03 5377226                    /usr/lib/jvm/java-8-openjdk-amd64/jre/lib/amd64/libnio.so
7fbddb6e7000-7fbddb9e8000 rw-p 00000000 00:00 0 
7fbddb9e8000-7fbddb9ff000 r-xp 00000000 08:03 5377210                    /usr/lib/jvm/java-8-openjdk-amd64/jre/lib/amd64/libnet.so
7fbddb9ff000-7fbddbbfe000 ---p 00017000 08:03 5377210                    /usr/lib/jvm/java-8-openjdk-amd64/jre/lib/amd64/libnet.so
7fbddbbfe000-7fbddbbff000 r--p 00016000 08:03 5377210                    /usr/lib/jvm/java-8-openjdk-amd64/jre/lib/amd64/libnet.so
7fbddbbff000-7fbddbc00000 rw-p 00017000 08:03 5377210                    /usr/lib/jvm/java-8-openjdk-amd64/jre/lib/amd64/libnet.so
7fbddbc00000-7fbddbe00000 rw-p 00000000 00:00 0 
7fbddbe00000-7fbddc000000 rw-p 00000000 00:00 0 
7fbddc000000-7fbddc81a000 rw-p 00000000 00:00 0 
7fbddc81a000-7fbde0000000 ---p 00000000 00:00 0 
7fbde0000000-7fbde0021000 rw-p 00000000 00:00 0 
7fbde0021000-7fbde4000000 ---p 00000000 00:00 0 
7fbde4000000-7fbde6176000 rw-p 00000000 00:00 0 
7fbde6176000-7fbde8000000 ---p 00000000 00:00 0 
7fbde8000000-7fbdea066000 rw-p 00000000 00:00 0 
7fbdea066000-7fbdec000000 ---p 00000000 00:00 0 
7fbdec000000-7fbdec021000 rw-p 00000000 00:00 0 
7fbdec021000-7fbdf0000000 ---p 00000000 00:00 0 
7fbdf0000000-7fbdf0021000 rw-p 00000000 00:00 0 
7fbdf0021000-7fbdf4000000 ---p 00000000 00:00 0 
7fbdf4000000-7fbdf427b000 rw-p 00000000 00:00 0 
7fbdf427b000-7fbdf8000000 ---p 00000000 00:00 0 
7fbdf8000000-7fbdf8021000 rw-p 00000000 00:00 0 
7fbdf8021000-7fbdfc000000 ---p 00000000 00:00 0 
7fbdfc000000-7fbdfc021000 rw-p 00000000 00:00 0 
7fbdfc021000-7fbe00000000 ---p 00000000 00:00 0 
7fbe00000000-7fbe00021000 rw-p 00000000 00:00 0 
7fbe00021000-7fbe04000000 ---p 00000000 00:00 0 
7fbe04000000-7fbe04021000 rw-p 00000000 00:00 0 
7fbe04021000-7fbe08000000 ---p 00000000 00:00 0 
7fbe08000000-7fbe08002000 r--s 0000e000 08:03 8782772                    /home/anatole/.m2/repository/commons-logging/commons-logging/1.1.3/commons-logging-1.1.3.jar
7fbe08002000-7fbe08004000 r--s 00011000 08:03 8786632                    /home/anatole/.m2/repository/org/jboss/jandex/1.1.0.Final/jandex-1.1.0.Final.jar
7fbe08004000-7fbe08007000 r--s 00010000 08:03 8786638                    /home/anatole/.m2/repository/org/hibernate/common/hibernate-commons-annotations/4.0.5.Final/hibernate-commons-annotations-4.0.5.Final.jar
7fbe08007000-7fbe0800c000 r--s 00048000 08:03 7616121                    /home/anatole/.m2/repository/dom4j/dom4j/1.6.1/dom4j-1.6.1.jar
7fbe0800c000-7fbe0800d000 r--s 00006000 08:03 8658583                    /home/anatole/.m2/repository/org/jboss/spec/javax/transaction/jboss-transaction-api_1.2_spec/1.0.0.Final/jboss-transaction-api_1.2_spec-1.0.0.Final.jar
7fbe0800d000-7fbe0800f000 r--s 0000c000 08:03 8658591                    /home/anatole/.m2/repository/org/jboss/logging/jboss-logging/3.1.3.GA/jboss-logging-3.1.3.GA.jar
7fbe0800f000-7fbe08015000 r--s 000ab000 08:03 8528784                    /home/anatole/.m2/repository/mysql/mysql-connector-java/5.1.9/mysql-connector-java-5.1.9.jar
7fbe08015000-7fbe0801b000 r--s 00045000 08:03 8924503                    /home/anatole/.m2/repository/org/hamcrest/hamcrest-all/1.3/hamcrest-all-1.3.jar
7fbe0801b000-7fbe0801d000 r--s 0000e000 08:03 7867998                    /home/anatole/.m2/repository/commons-pool/commons-pool/1.3/commons-pool-1.3.jar
7fbe0801d000-7fbe0801f000 r--s 0001c000 08:03 7867997                    /home/anatole/.m2/repository/commons-dbcp/commons-dbcp/1.2.2/commons-dbcp-1.2.2.jar
7fbe0801f000-7fbe08027000 r--s 00045000 08:03 8784524                    /home/anatole/.m2/repository/junit/junit/4.12/junit-4.12.jar
7fbe08027000-7fbe08028000 ---p 00000000 00:00 0 
7fbe08028000-7fbe08128000 rw-p 00000000 00:00 0                          [stack:4610]
7fbe08128000-7fbe0812b000 ---p 00000000 00:00 0 
7fbe0812b000-7fbe08229000 rw-p 00000000 00:00 0                          [stack:4609]
7fbe08229000-7fbe0822c000 ---p 00000000 00:00 0 
7fbe0822c000-7fbe0832a000 rw-p 00000000 00:00 0                          [stack:4608]
7fbe0832a000-7fbe0832d000 ---p 00000000 00:00 0 
7fbe0832d000-7fbe0842b000 rw-p 00000000 00:00 0                          [stack:4607]
7fbe0842b000-7fbe0842e000 ---p 00000000 00:00 0 
7fbe0842e000-7fbe0852c000 rw-p 00000000 00:00 0                          [stack:4606]
7fbe0852c000-7fbe08531000 r-xp 00000000 08:03 4595883                    /usr/lib/x86_64-linux-gnu/libXdmcp.so.6.0.0
7fbe08531000-7fbe08730000 ---p 00005000 08:03 4595883                    /usr/lib/x86_64-linux-gnu/libXdmcp.so.6.0.0
7fbe08730000-7fbe08731000 r--p 00004000 08:03 4595883                    /usr/lib/x86_64-linux-gnu/libXdmcp.so.6.0.0
7fbe08731000-7fbe08732000 rw-p 00005000 08:03 4595883                    /usr/lib/x86_64-linux-gnu/libXdmcp.so.6.0.0
7fbe08732000-7fbe08734000 r-xp 00000000 08:03 4595872                    /usr/lib/x86_64-linux-gnu/libXau.so.6.0.0
7fbe08734000-7fbe08934000 ---p 00002000 08:03 4595872                    /usr/lib/x86_64-linux-gnu/libXau.so.6.0.0
7fbe08934000-7fbe08935000 r--p 00002000 08:03 4595872                    /usr/lib/x86_64-linux-gnu/libXau.so.6.0.0
7fbe08935000-7fbe08936000 rw-p 00003000 08:03 4595872                    /usr/lib/x86_64-linux-gnu/libXau.so.6.0.0
7fbe08936000-7fbe08953000 r-xp 00000000 08:03 4597070                    /usr/lib/x86_64-linux-gnu/libxcb.so.1.1.0
7fbe08953000-7fbe08b53000 ---p 0001d000 08:03 4597070                    /usr/lib/x86_64-linux-gnu/libxcb.so.1.1.0
7fbe08b53000-7fbe08b54000 r--p 0001d000 08:03 4597070                    /usr/lib/x86_64-linux-gnu/libxcb.so.1.1.0
7fbe08b54000-7fbe08b55000 rw-p 0001e000 08:03 4597070                    /usr/lib/x86_64-linux-gnu/libxcb.so.1.1.0
7fbe08b55000-7fbe08c88000 r-xp 00000000 08:03 4595868                    /usr/lib/x86_64-linux-gnu/libX11.so.6.3.0
7fbe08c88000-7fbe08e88000 ---p 00133000 08:03 4595868                    /usr/lib/x86_64-linux-gnu/libX11.so.6.3.0
7fbe08e88000-7fbe08e89000 r--p 00133000 08:03 4595868                    /usr/lib/x86_64-linux-gnu/libX11.so.6.3.0
7fbe08e89000-7fbe08e8d000 rw-p 00134000 08:03 4595868                    /usr/lib/x86_64-linux-gnu/libX11.so.6.3.0
7fbe08e8d000-7fbe08e8e000 rw-p 00000000 00:00 0 
7fbe08e8e000-7fbe08e90000 r-xp 00000000 08:03 4593054                    /usr/lib/jayatana/libjayatanaag.so
7fbe08e90000-7fbe0908f000 ---p 00002000 08:03 4593054                    /usr/lib/jayatana/libjayatanaag.so
7fbe0908f000-7fbe09090000 r--p 00001000 08:03 4593054                    /usr/lib/jayatana/libjayatanaag.so
7fbe09090000-7fbe09091000 rw-p 00002000 08:03 4593054                    /usr/lib/jayatana/libjayatanaag.so
7fbe09091000-7fbe09094000 ---p 00000000 00:00 0 
7fbe09094000-7fbe09192000 rw-p 00000000 00:00 0                          [stack:4605]
7fbe09192000-7fbe09875000 r--p 00000000 08:03 4594914                    /usr/lib/locale/locale-archive
7fbe09875000-7fbe09878000 ---p 00000000 00:00 0 
7fbe09878000-7fbe09976000 rw-p 00000000 00:00 0                          [stack:4604]
7fbe09976000-7fbe09979000 ---p 00000000 00:00 0 
7fbe09979000-7fbe09a77000 rw-p 00000000 00:00 0                          [stack:4603]
7fbe09a77000-7fbe09a78000 ---p 00000000 00:00 0 
7fbe09a78000-7fbe0c000000 rw-p 00000000 00:00 0                          [stack:4602]
7fbe0c000000-7fbe0c021000 rw-p 00000000 00:00 0 
7fbe0c021000-7fbe10000000 ---p 00000000 00:00 0 
7fbe10000000-7fbe10001000 r--s 00002000 08:03 8658580                    /home/anatole/.m2/repository/org/jboss/logging/jboss-logging-annotations/1.2.0.Beta1/jboss-logging-annotations-1.2.0.Beta1.jar
7fbe10001000-7fbe10003000 r--s 00009000 08:03 8784525                    /home/anatole/.m2/repository/org/hamcrest/hamcrest-core/1.3/hamcrest-core-1.3.jar
7fbe10003000-7fbe10006000 r--s 0001b000 08:03 8783670                    /home/anatole/.m2/repository/junit/junit/3.8.2/junit-3.8.2.jar
7fbe10006000-7fbe10014000 r--s 0008f000 08:03 8783666                    /home/anatole/.m2/repository/com/google/collections/google-collections/1.0/google-collections-1.0.jar
7fbe10014000-7fbe10015000 r--s 0000a000 08:03 8783665                    /home/anatole/.m2/repository/commons-logging/commons-logging-api/1.1/commons-logging-api-1.1.jar
7fbe10015000-7fbe1001c000 r--s 00051000 08:03 8783663                    /home/anatole/.m2/repository/log4j/log4j/1.2.12/log4j-1.2.12.jar
7fbe1001c000-7fbe10020000 r--s 0001d000 08:03 8783661                    /home/anatole/.m2/repository/org/apache/xbean/xbean-reflect/3.4/xbean-reflect-3.4.jar
7fbe10020000-7fbe10021000 r--s 00004000 08:03 8783660                    /home/anatole/.m2/repository/org/codehaus/plexus/plexus-compiler-javac/2.2/plexus-compiler-javac-2.2.jar
7fbe10021000-7fbe10023000 r--s 00000000 08:03 8783657                    /home/anatole/.m2/repository/org/codehaus/plexus/plexus-compiler-manager/2.2/plexus-compiler-manager-2.2.jar
7fbe10023000-7fbe10025000 r--s 00005000 08:03 8783654                    /home/anatole/.m2/repository/org/codehaus/plexus/plexus-compiler-api/2.2/plexus-compiler-api-2.2.jar
7fbe10025000-7fbe10027000 r--s 00002000 08:03 8783651                    /home/anatole/.m2/repository/org/apache/maven/shared/maven-shared-incremental/1.1/maven-shared-incremental-1.1.jar
7fbe10027000-7fbe10029000 r--s 00006000 08:03 8783652                    /home/anatole/.m2/repository/com/google/code/findbugs/jsr305/2.0.1/jsr305-2.0.1.jar
7fbe10029000-7fbe1002c000 r--s 00023000 08:03 8783653                    /home/anatole/.m2/repository/org/apache/maven/shared/maven-shared-utils/0.1/maven-shared-utils-0.1.jar
7fbe1002c000-7fbe10030000 r--s 00030000 08:03 8783650                    /home/anatole/.m2/repository/org/codehaus/plexus/plexus-utils/1.5.1/plexus-utils-1.5.1.jar
7fbe10030000-7fbe10032000 r--s 00009000 08:03 8782688                    /home/anatole/.m2/repository/org/apache/maven/plugins/maven-compiler-plugin/3.1/maven-compiler-plugin-3.1.jar
7fbe10032000-7fbe10034000 r--s 0000d000 08:03 8783584                    /home/anatole/.m2/repository/org/codehaus/plexus/plexus-interpolation/1.13/plexus-interpolation-1.13.jar
7fbe10034000-7fbe10035000 r--s 00001000 08:03 8655713                    /home/anatole/.m2/repository/org/sonatype/plexus/plexus-build-api/0.0.4/plexus-build-api-0.0.4.jar
7fbe10035000-7fbe10037000 r--s 00009000 08:03 8783585                    /home/anatole/.m2/repository/org/apache/maven/shared/maven-filtering/1.0/maven-filtering-1.0.jar
7fbe10037000-7fbe1003b000 r--s 00033000 08:03 8655702                    /home/anatole/.m2/repository/org/codehaus/plexus/plexus-utils/2.0.5/plexus-utils-2.0.5.jar
7fbe1003b000-7fbe1003c000 r--s 00001000 08:03 8783586                    /home/anatole/.m2/repository/org/apache/maven/doxia/doxia-sink-api/1.0-alpha-7/doxia-sink-api-1.0-alpha-7.jar
7fbe1003c000-7fbe1003d000 r--s 00002000 08:03 8783583                    /home/anatole/.m2/repository/org/apache/maven/reporting/maven-reporting-api/2.0.6/maven-reporting-api-2.0.6.jar
7fbe1003d000-7fbe1003f000 r--s 00005000 08:03 8655686                    /home/anatole/.m2/repository/org/apache/maven/plugins/maven-resources-plugin/2.5/maven-resources-plugin-2.5.jar
7fbe1003f000-7fbe1004d000 r--s 0007f000 08:03 8782268                    /home/anatole/.m2/repository/commons-collections/commons-collections/3.2.1/commons-collections-3.2.1.jar
7fbe1004d000-7fbe10052000 r--s 00041000 08:03 8783525                    /home/anatole/.m2/repository/commons-lang/commons-lang/2.6/commons-lang-2.6.jar
7fbe10052000-7fbe10054000 r--s 00006000 08:03 8783528                    /home/anatole/.m2/repository/org/apache/maven/shared/maven-invoker/2.0.11/maven-invoker-2.0.11.jar
7fbe10054000-7fbe10056000 r--s 00006000 08:03 8783527                    /home/anatole/.m2/repository/org/apache/maven/shared/maven-common-artifact-filters/1.4/maven-common-artifact-filters-1.4.jar
7fbe10056000-7fbe10058000 r--s 0000c000 08:03 8783524                    /home/anatole/.m2/repository/org/apache/maven/shared/maven-dependency-tree/2.0/maven-dependency-tree-2.0.jar
7fbe10058000-7fbe1005a000 r--s 00000000 08:03 8655678                    /home/anatole/.m2/repository/org/codehaus/plexus/plexus-component-annotations/1.5.5/plexus-component-annotations-1.5.5.jar
7fbe1005a000-7fbe1005b000 r--s 0000a000 08:03 8783518                    /home/anatole/.m2/repository/asm/asm/3.3.1/asm-3.3.1.jar
7fbe1005b000-7fbe1005d000 r--s 00005000 08:03 8783519                    /home/anatole/.m2/repository/org/apache/maven/shared/maven-dependency-analyzer/1.3/maven-dependency-analyzer-1.3.jar
7fbe1005d000-7fbe10060000 r--s 0000c000 08:03 8783517                    /home/anatole/.m2/repository/org/codehaus/plexus/plexus-io/2.0.6/plexus-io-2.0.6.jar
7fbe10060000-7fbe10063000 r--s 0001b000 08:03 8783512                    /home/anatole/.m2/repository/junit/junit/3.8.1/junit-3.8.1.jar
7fbe10063000-7fbe10065000 r--s 00008000 08:03 8783513                    /home/anatole/.m2/repository/org/apache/maven/shared/maven-shared-io/1.1/maven-shared-io-1.1.jar
7fbe10065000-7fbe10067000 r--s 00008000 08:03 8783511                    /home/anatole/.m2/repository/org/apache/maven/shared/file-management/1.2.1/file-management-1.2.1.jar
7fbe10067000-7fbe1006b000 r--s 00035000 08:03 8783508                    /home/anatole/.m2/repository/org/codehaus/plexus/plexus-utils/3.0.9/plexus-utils-3.0.9.jar
7fbe1006b000-7fbe10070000 r--s 00029000 08:03 8783506                    /home/anatole/.m2/repository/org/codehaus/plexus/plexus-archiver/2.2/plexus-archiver-2.2.jar
7fbe10070000-7fbe10072000 r--s 00004000 08:03 8783505                    /home/anatole/.m2/repository/org/apache/maven/doxia/doxia-module-xhtml/1.0/doxia-module-xhtml-1.0.jar
7fbe10072000-7fbe10073000 r--s 00006000 08:03 8783504                    /home/anatole/.m2/repository/org/apache/maven/doxia/doxia-module-xdoc/1.0/doxia-module-xdoc-1.0.jar
7fbe10073000-7fbe10074000 r--s 00004000 08:03 8783502                    /home/anatole/.m2/repository/org/apache/maven/doxia/doxia-module-fml/1.0/doxia-module-fml-1.0.jar
7fbe10074000-7fbe10076000 r--s 0000a000 08:03 8783497                    /home/anatole/.m2/repository/org/apache/maven/doxia/doxia-module-apt/1.0/doxia-module-apt-1.0.jar
7fbe10076000-7fbe10077000 r--s 0000b000 08:03 8783495                    /home/anatole/.m2/repository/org/apache/maven/doxia/doxia-decoration-model/1.0/doxia-decoration-model-1.0.jar
7fbe10077000-7fbe1007f000 r--s 00058000 08:03 8782237                    /home/anatole/.m2/repository/org/apache/velocity/velocity/1.5/velocity-1.5.jar
7fbe1007f000-7fbe10080000 r--s 00001000 08:03 8783498                    /home/anatole/.m2/repository/org/codehaus/plexus/plexus-velocity/1.1.7/plexus-velocity-1.1.7.jar
7fbe10080000-7fbe10081000 r--s 00002000 08:03 8783491                    /home/anatole/.m2/repository/org/codehaus/plexus/plexus-i18n/1.0-beta-7/plexus-i18n-1.0-beta-7.jar
7fbe10081000-7fbe10083000 r--s 0000a000 08:03 8783489                    /home/anatole/.m2/repository/org/apache/maven/doxia/doxia-site-renderer/1.0/doxia-site-renderer-1.0.jar
7fbe10083000-7fbe10084000 r--s 00002000 08:03 8783488                    /home/anatole/.m2/repository/org/apache/maven/doxia/doxia-sink-api/1.0/doxia-sink-api-1.0.jar
7fbe10084000-7fbe10089000 r--s 00016000 08:03 7998051                    /home/anatole/.m2/repository/xml-apis/xml-apis/1.0.b2/xml-apis-1.0.b2.jar
7fbe10089000-7fbe1008b000 r--s 0000e000 08:03 8782239                    /home/anatole/.m2/repository/oro/oro/2.0.8/oro-2.0.8.jar
7fbe1008b000-7fbe1008d000 r--s 00008000 08:03 8783487                    /home/anatole/.m2/repository/commons-logging/commons-logging/1.0.4/commons-logging-1.0.4.jar
7fbe1008d000-7fbe10091000 r--s 00026000 08:03 8783485                    /home/anatole/.m2/repository/commons-digester/commons-digester/1.6/commons-digester-1.6.jar
7fbe10091000-7fbe10096000 r--s 0002a000 08:03 8783481                    /home/anatole/.m2/repository/commons-beanutils/commons-beanutils/1.7.0/commons-beanutils-1.7.0.jar
7fbe10096000-7fbe10099000 r--s 00014000 08:03 8783480                    /home/anatole/.m2/repository/commons-validator/commons-validator/1.2.0/commons-validator-1.2.0.jar
7fbe10099000-7fbe1009c000 r--s 00018000 08:03 8783478                    /home/anatole/.m2/repository/commons-io/commons-io/1.4/commons-io-1.4.jar
7fbe1009c000-7fbe1009e000 r--s 00009000 08:03 8783477                    /home/anatole/.m2/repository/org/apache/maven/shared/maven-doxia-tools/1.0.2/maven-doxia-tools-1.0.2.jar
7fbe1009e000-7fbe100a1000 r--s 0000b000 08:03 8783473                    /home/anatole/.m2/repository/org/apache/maven/doxia/doxia-core/1.0/doxia-core-1.0.jar
7fbe100a1000-7fbe100a3000 r--s 00004000 08:03 8783471                    /home/anatole/.m2/repository/org/apache/maven/reporting/maven-reporting-impl/2.0.5/maven-reporting-impl-2.0.5.jar
7fbe100a3000-7fbe100a5000 r--s 00002000 08:03 8783469                    /home/anatole/.m2/repository/org/codehaus/plexus/plexus-interactivity-api/1.0-alpha-4/plexus-interactivity-api-1.0-alpha-4.jar
7fbe100a5000-7fbe100a8000 ---p 00000000 00:00 0 
7fbe100a8000-7fbe100de000 rw-p 00000000 00:00 0                          [stack:4613]
7fbe100de000-7fbe100f9000 r--s 000e4000 08:03 3935717                    /home/anatole/netbeans-8.1/java/maven/lib/wagon-http-2.4-shaded.jar
7fbe100f9000-7fbe11000000 rw-p 00000000 00:00 0 
7fbe11000000-7fbe11b20000 rwxp 00000000 00:00 0 
7fbe11b20000-7fbe20000000 ---p 00000000 00:00 0 
7fbe20000000-7fbe20ee5000 rw-p 00000000 00:00 0 
7fbe20ee5000-7fbe24000000 ---p 00000000 00:00 0 
7fbe24000000-7fbe24001000 r--s 00002000 08:03 8783470                    /home/anatole/.m2/repository/org/apache/maven/reporting/maven-reporting-api/3.0/maven-reporting-api-3.0.jar
7fbe24001000-7fbe24003000 r--s 00006000 08:03 8783472                    /home/anatole/.m2/repository/commons-cli/commons-cli/1.0/commons-cli-1.0.jar
7fbe24003000-7fbe24006000 r--s 00021000 08:03 8782695                    /home/anatole/.m2/repository/org/apache/maven/plugins/maven-dependency-plugin/2.6/maven-dependency-plugin-2.6.jar
7fbe24006000-7fbe24007000 r--p 00000000 00:00 0 
7fbe24007000-7fbe2400c000 r--s 00094000 08:03 5246671                    /usr/lib/jvm/java-8-openjdk-amd64/jre/lib/jsse.jar
7fbe2400c000-7fbe2400e000 r--s 0000c000 08:03 3935732                    /home/anatole/netbeans-8.1/java/maven-nblib/netbeans-eventspy.jar
7fbe2400e000-7fbe24010000 r--s 00000000 08:03 3935392                    /home/anatole/netbeans-8.1/java/maven/lib/plexus-component-annotations-1.5.5.jar
7fbe24010000-7fbe24017000 r--s 0002b000 08:03 3935684                    /home/anatole/netbeans-8.1/java/maven/lib/sisu-inject-plexus-2.3.0.jar
7fbe24017000-7fbe24019000 r--s 0000b000 08:03 3935708                    /home/anatole/netbeans-8.1/java/maven/lib/maven-plugin-api-3.0.5.jar
7fbe24019000-7fbe2401a000 r--s 00002000 08:03 3935754                    /home/anatole/netbeans-8.1/java/maven/lib/wagon-file-2.4.jar
7fbe2401a000-7fbe2401b000 r--s 00006000 08:03 3935662                    /home/anatole/netbeans-8.1/java/maven/lib/plexus-sec-dispatcher-1.3.jar
7fbe2401b000-7fbe2401d000 r--s 0000d000 08:03 3935665                    /home/anatole/netbeans-8.1/java/maven/lib/plexus-interpolation-1.14.jar
7fbe2401d000-7fbe24024000 r--s 0003f000 08:03 3935709                    /home/anatole/netbeans-8.1/java/maven/lib/sisu-inject-bean-2.3.0.jar
7fbe24024000-7fbe24030000 r--s 0007d000 08:03 3935749                    /home/anatole/netbeans-8.1/java/maven/lib/maven-core-3.0.5.jar
7fbe24030000-7fbe24038000 r--s 00050000 08:03 3935695                    /home/anatole/netbeans-8.1/java/maven/lib/sisu-guice-3.1.0-no_aop.jar
7fbe24038000-7fbe2403a000 r--s 0000b000 08:03 3935707                    /home/anatole/netbeans-8.1/java/maven/lib/wagon-provider-api-2.4.jar
7fbe2403a000-7fbe2403d000 r--s 0001d000 08:03 3935736                    /home/anatole/netbeans-8.1/java/maven/lib/aether-impl-1.13.1.jar
7fbe2403d000-7fbe24040000 r--s 00008000 08:03 3935608                    /home/anatole/netbeans-8.1/java/maven/lib/maven-settings-builder-3.0.5.jar
7fbe24040000-7fbe24042000 r--s 00009000 08:03 3935752                    /home/anatole/netbeans-8.1/java/maven/lib/commons-cli-1.2.jar
7fbe24042000-7fbe24046000 r--s 00021000 08:03 3935661                    /home/anatole/netbeans-8.1/java/maven/lib/maven-model-builder-3.0.5.jar
7fbe24046000-7fbe24048000 r--s 00026000 08:03 3935741                    /home/anatole/netbeans-8.1/java/maven/lib/maven-model-3.0.5.jar
7fbe24048000-7fbe2404c000 r--s 0001c000 08:03 3935737                    /home/anatole/netbeans-8.1/java/maven/lib/aether-util-1.13.1.jar
7fbe2404c000-7fbe24050000 r--s 00013000 08:03 3935743                    /home/anatole/netbeans-8.1/java/maven/lib/aether-api-1.13.1.jar
7fbe24050000-7fbe24056000 r--s 0003f000 08:03 3935738                    /home/anatole/netbeans-8.1/java/maven/lib/maven-compat-3.0.5.jar
7fbe24056000-7fbe2405a000 r--s 00033000 08:03 3935735                    /home/anatole/netbeans-8.1/java/maven/lib/plexus-utils-2.0.6.jar
7fbe2405a000-7fbe2405c000 r--s 0000b000 08:03 3935722                    /home/anatole/netbeans-8.1/java/maven/lib/maven-artifact-3.0.5.jar
7fbe2405c000-7fbe2405d000 r--s 0000a000 08:03 3935723                    /home/anatole/netbeans-8.1/java/maven/lib/maven-embedder-3.0.5.jar
7fbe2405d000-7fbe2405f000 r--s 0000a000 08:03 3935724                    /home/anatole/netbeans-8.1/java/maven/lib/maven-settings-3.0.5.jar
7fbe2405f000-7fbe24061000 r--s 0000c000 08:03 3935626                    /home/anatole/netbeans-8.1/java/maven/lib/maven-aether-provider-3.0.5.jar
7fbe24061000-7fbe24080000 r--s 00154000 08:03 3935750                    /home/anatole/netbeans-8.1/java/maven/lib/sisu-guava-0.9.9.jar
7fbe24080000-7fbe24082000 r--s 00002000 08:03 3935742                    /home/anatole/netbeans-8.1/java/maven/lib/plexus-cipher-1.7.jar
7fbe24082000-7fbe24083000 r--s 00003000 08:03 3935744                    /home/anatole/netbeans-8.1/java/maven/lib/aether-spi-1.13.1.jar
7fbe24083000-7fbe24085000 r--s 00006000 08:03 3935513                    /home/anatole/netbeans-8.1/java/maven/lib/maven-repository-metadata-3.0.5.jar
7fbe24085000-7fbe24087000 r--s 00006000 08:03 3935579                    /home/anatole/netbeans-8.1/java/maven/lib/aether-connector-wagon-1.13.1.jar
7fbe24087000-7fbe240b5000 r--s 001c9000 08:03 3935664                    /home/anatole/netbeans-8.1/java/maven/lib/ext/wagon-http-2.8-shaded.jar
7fbe240b5000-7fbe240cf000 r--s 001d3000 08:03 6427230                    /usr/lib/jvm/java-8-openjdk-amd64/jre/lib/ext/nashorn.jar
7fbe240cf000-7fbe240da000 r--s 00116000 08:03 6427232                    /usr/lib/jvm/java-8-openjdk-amd64/jre/lib/ext/localedata.jar
7fbe240da000-7fbe242a7000 r--s 03bd3000 08:03 5246681                    /usr/lib/jvm/java-8-openjdk-amd64/jre/lib/rt.jar
7fbe242a7000-7fbe244e5000 rw-p 00000000 00:00 0 
7fbe244e5000-7fbe244e6000 ---p 00000000 00:00 0 
7fbe244e6000-7fbe245e6000 rw-p 00000000 00:00 0                          [stack:4601]
7fbe245e6000-7fbe245e7000 ---p 00000000 00:00 0 
7fbe245e7000-7fbe246e7000 rw-p 00000000 00:00 0                          [stack:4600]
7fbe246e7000-7fbe246e8000 ---p 00000000 00:00 0 
7fbe246e8000-7fbe247e8000 rw-p 00000000 00:00 0                          [stack:4599]
7fbe247e8000-7fbe247e9000 ---p 00000000 00:00 0 
7fbe247e9000-7fbe248fd000 rw-p 00000000 00:00 0                          [stack:4598]
7fbe248fd000-7fbe24a19000 ---p 00000000 00:00 0 
7fbe24a19000-7fbe24a2d000 rw-p 00000000 00:00 0 
7fbe24a2d000-7fbe24b49000 ---p 00000000 00:00 0 
7fbe24b49000-7fbe24b78000 rw-p 00000000 00:00 0 
7fbe24b78000-7fbe24be1000 ---p 00000000 00:00 0 
7fbe24be1000-7fbe24c0f000 rw-p 00000000 00:00 0 
7fbe24c0f000-7fbe24fa2000 ---p 00000000 00:00 0 
7fbe24fa2000-7fbe24faa000 r-xp 00000000 08:03 5377203                    /usr/lib/jvm/java-8-openjdk-amd64/jre/lib/amd64/libzip.so
7fbe24faa000-7fbe251a9000 ---p 00008000 08:03 5377203                    /usr/lib/jvm/java-8-openjdk-amd64/jre/lib/amd64/libzip.so
7fbe251a9000-7fbe251aa000 r--p 00007000 08:03 5377203                    /usr/lib/jvm/java-8-openjdk-amd64/jre/lib/amd64/libzip.so
7fbe251aa000-7fbe251ab000 rw-p 00008000 08:03 5377203                    /usr/lib/jvm/java-8-openjdk-amd64/jre/lib/amd64/libzip.so
7fbe251ab000-7fbe251b7000 r-xp 00000000 08:03 6295828                    /lib/x86_64-linux-gnu/libnss_files-2.21.so
7fbe251b7000-7fbe253b6000 ---p 0000c000 08:03 6295828                    /lib/x86_64-linux-gnu/libnss_files-2.21.so
7fbe253b6000-7fbe253b7000 r--p 0000b000 08:03 6295828                    /lib/x86_64-linux-gnu/libnss_files-2.21.so
7fbe253b7000-7fbe253b8000 rw-p 0000c000 08:03 6295828                    /lib/x86_64-linux-gnu/libnss_files-2.21.so
7fbe253b8000-7fbe253c3000 r-xp 00000000 08:03 6295838                    /lib/x86_64-linux-gnu/libnss_nis-2.21.so
7fbe253c3000-7fbe255c2000 ---p 0000b000 08:03 6295838                    /lib/x86_64-linux-gnu/libnss_nis-2.21.so
7fbe255c2000-7fbe255c3000 r--p 0000a000 08:03 6295838                    /lib/x86_64-linux-gnu/libnss_nis-2.21.so
7fbe255c3000-7fbe255c4000 rw-p 0000b000 08:03 6295838                    /lib/x86_64-linux-gnu/libnss_nis-2.21.so
7fbe255c4000-7fbe255db000 r-xp 00000000 08:03 6295822                    /lib/x86_64-linux-gnu/libnsl-2.21.so
7fbe255db000-7fbe257da000 ---p 00017000 08:03 6295822                    /lib/x86_64-linux-gnu/libnsl-2.21.so
7fbe257da000-7fbe257db000 r--p 00016000 08:03 6295822                    /lib/x86_64-linux-gnu/libnsl-2.21.so
7fbe257db000-7fbe257dc000 rw-p 00017000 08:03 6295822                    /lib/x86_64-linux-gnu/libnsl-2.21.so
7fbe257dc000-7fbe257de000 rw-p 00000000 00:00 0 
7fbe257de000-7fbe257e6000 r-xp 00000000 08:03 6295824                    /lib/x86_64-linux-gnu/libnss_compat-2.21.so
7fbe257e6000-7fbe259e5000 ---p 00008000 08:03 6295824                    /lib/x86_64-linux-gnu/libnss_compat-2.21.so
7fbe259e5000-7fbe259e6000 r--p 00007000 08:03 6295824                    /lib/x86_64-linux-gnu/libnss_compat-2.21.so
7fbe259e6000-7fbe259e7000 rw-p 00008000 08:03 6295824                    /lib/x86_64-linux-gnu/libnss_compat-2.21.so
7fbe259e7000-7fbe259f1000 r-xp 00000000 08:03 5377222                    /usr/lib/jvm/java-8-openjdk-amd64/jre/lib/amd64/libinstrument.so
7fbe259f1000-7fbe25bf0000 ---p 0000a000 08:03 5377222                    /usr/lib/jvm/java-8-openjdk-amd64/jre/lib/amd64/libinstrument.so
7fbe25bf0000-7fbe25bf1000 r--p 00009000 08:03 5377222                    /usr/lib/jvm/java-8-openjdk-amd64/jre/lib/amd64/libinstrument.so
7fbe25bf1000-7fbe25bf2000 rw-p 0000a000 08:03 5377222                    /usr/lib/jvm/java-8-openjdk-amd64/jre/lib/amd64/libinstrument.so
7fbe25bf2000-7fbe25c20000 r-xp 00000000 08:03 5377200                    /usr/lib/jvm/java-8-openjdk-amd64/jre/lib/amd64/libjava.so
7fbe25c20000-7fbe25e1f000 ---p 0002e000 08:03 5377200                    /usr/lib/jvm/java-8-openjdk-amd64/jre/lib/amd64/libjava.so
7fbe25e1f000-7fbe25e20000 r--p 0002d000 08:03 5377200                    /usr/lib/jvm/java-8-openjdk-amd64/jre/lib/amd64/libjava.so
7fbe25e20000-7fbe25e22000 rw-p 0002e000 08:03 5377200                    /usr/lib/jvm/java-8-openjdk-amd64/jre/lib/amd64/libjava.so
7fbe25e22000-7fbe25e31000 r-xp 00000000 08:03 5377215                    /usr/lib/jvm/java-8-openjdk-amd64/jre/lib/amd64/libverify.so
7fbe25e31000-7fbe26031000 ---p 0000f000 08:03 5377215                    /usr/lib/jvm/java-8-openjdk-amd64/jre/lib/amd64/libverify.so
7fbe26031000-7fbe26034000 r--p 0000f000 08:03 5377215                    /usr/lib/jvm/java-8-openjdk-amd64/jre/lib/amd64/libverify.so
7fbe26034000-7fbe26035000 rw-p 00012000 08:03 5377215                    /usr/lib/jvm/java-8-openjdk-amd64/jre/lib/amd64/libverify.so
7fbe26035000-7fbe2603c000 r-xp 00000000 08:03 6295883                    /lib/x86_64-linux-gnu/librt-2.21.so
7fbe2603c000-7fbe2623b000 ---p 00007000 08:03 6295883                    /lib/x86_64-linux-gnu/librt-2.21.so
7fbe2623b000-7fbe2623c000 r--p 00006000 08:03 6295883                    /lib/x86_64-linux-gnu/librt-2.21.so
7fbe2623c000-7fbe2623d000 rw-p 00007000 08:03 6295883                    /lib/x86_64-linux-gnu/librt-2.21.so
7fbe2623d000-7fbe26253000 r-xp 00000000 08:03 6295771                    /lib/x86_64-linux-gnu/libgcc_s.so.1
7fbe26253000-7fbe26452000 ---p 00016000 08:03 6295771                    /lib/x86_64-linux-gnu/libgcc_s.so.1
7fbe26452000-7fbe26453000 rw-p 00015000 08:03 6295771                    /lib/x86_64-linux-gnu/libgcc_s.so.1
7fbe26453000-7fbe2655a000 r-xp 00000000 08:03 6295801                    /lib/x86_64-linux-gnu/libm-2.21.so
7fbe2655a000-7fbe26759000 ---p 00107000 08:03 6295801                    /lib/x86_64-linux-gnu/libm-2.21.so
7fbe26759000-7fbe2675a000 r--p 00106000 08:03 6295801                    /lib/x86_64-linux-gnu/libm-2.21.so
7fbe2675a000-7fbe2675b000 rw-p 00107000 08:03 6295801                    /lib/x86_64-linux-gnu/libm-2.21.so
7fbe2675b000-7fbe2684b000 r-xp 00000000 08:03 4596864                    /usr/lib/x86_64-linux-gnu/libstdc++.so.6.0.20
7fbe2684b000-7fbe26a4b000 ---p 000f0000 08:03 4596864                    /usr/lib/x86_64-linux-gnu/libstdc++.so.6.0.20
7fbe26a4b000-7fbe26a53000 r--p 000f0000 08:03 4596864                    /usr/lib/x86_64-linux-gnu/libstdc++.so.6.0.20
7fbe26a53000-7fbe26a55000 rw-p 000f8000 08:03 4596864                    /usr/lib/x86_64-linux-gnu/libstdc++.so.6.0.20
7fbe26a55000-7fbe26a6a000 rw-p 00000000 00:00 0 
7fbe26a6a000-7fbe276f7000 r-xp 00000000 08:03 5511088                    /usr/lib/jvm/java-8-openjdk-amd64/jre/lib/amd64/server/libjvm.so
7fbe276f7000-7fbe278f7000 ---p 00c8d000 08:03 5511088                    /usr/lib/jvm/java-8-openjdk-amd64/jre/lib/amd64/server/libjvm.so
7fbe278f7000-7fbe2799a000 r--p 00c8d000 08:03 5511088                    /usr/lib/jvm/java-8-openjdk-amd64/jre/lib/amd64/server/libjvm.so
7fbe2799a000-7fbe279c3000 rw-p 00d30000 08:03 5511088                    /usr/lib/jvm/java-8-openjdk-amd64/jre/lib/amd64/server/libjvm.so
7fbe279c3000-7fbe279f2000 rw-p 00000000 00:00 0 
7fbe279f2000-7fbe27a0a000 r-xp 00000000 08:03 6295875                    /lib/x86_64-linux-gnu/libpthread-2.21.so
7fbe27a0a000-7fbe27c0a000 ---p 00018000 08:03 6295875                    /lib/x86_64-linux-gnu/libpthread-2.21.so
7fbe27c0a000-7fbe27c0b000 r--p 00018000 08:03 6295875                    /lib/x86_64-linux-gnu/libpthread-2.21.so
7fbe27c0b000-7fbe27c0c000 rw-p 00019000 08:03 6295875                    /lib/x86_64-linux-gnu/libpthread-2.21.so
7fbe27c0c000-7fbe27c10000 rw-p 00000000 00:00 0 
7fbe27c10000-7fbe27c13000 r-xp 00000000 08:03 6295759                    /lib/x86_64-linux-gnu/libdl-2.21.so
7fbe27c13000-7fbe27e12000 ---p 00003000 08:03 6295759                    /lib/x86_64-linux-gnu/libdl-2.21.so
7fbe27e12000-7fbe27e13000 r--p 00002000 08:03 6295759                    /lib/x86_64-linux-gnu/libdl-2.21.so
7fbe27e13000-7fbe27e14000 rw-p 00003000 08:03 6295759                    /lib/x86_64-linux-gnu/libdl-2.21.so
7fbe27e14000-7fbe27e2d000 r-xp 00000000 08:03 6295916                    /lib/x86_64-linux-gnu/libz.so.1.2.8
7fbe27e2d000-7fbe2802d000 ---p 00019000 08:03 6295916                    /lib/x86_64-linux-gnu/libz.so.1.2.8
7fbe2802d000-7fbe2802e000 r--p 00019000 08:03 6295916                    /lib/x86_64-linux-gnu/libz.so.1.2.8
7fbe2802e000-7fbe2802f000 rw-p 0001a000 08:03 6295916                    /lib/x86_64-linux-gnu/libz.so.1.2.8
7fbe2802f000-7fbe281ef000 r-xp 00000000 08:03 6295742                    /lib/x86_64-linux-gnu/libc-2.21.so
7fbe281ef000-7fbe283ef000 ---p 001c0000 08:03 6295742                    /lib/x86_64-linux-gnu/libc-2.21.so
7fbe283ef000-7fbe283f3000 r--p 001c0000 08:03 6295742                    /lib/x86_64-linux-gnu/libc-2.21.so
7fbe283f3000-7fbe283f5000 rw-p 001c4000 08:03 6295742                    /lib/x86_64-linux-gnu/libc-2.21.so
7fbe283f5000-7fbe283f9000 rw-p 00000000 00:00 0 
7fbe283f9000-7fbe28407000 r-xp 00000000 08:03 5649625                    /usr/lib/jvm/java-8-openjdk-amd64/jre/lib/amd64/jli/libjli.so
7fbe28407000-7fbe28606000 ---p 0000e000 08:03 5649625                    /usr/lib/jvm/java-8-openjdk-amd64/jre/lib/amd64/jli/libjli.so
7fbe28606000-7fbe28607000 r--p 0000d000 08:03 5649625                    /usr/lib/jvm/java-8-openjdk-amd64/jre/lib/amd64/jli/libjli.so
7fbe28607000-7fbe28608000 rw-p 0000e000 08:03 5649625                    /usr/lib/jvm/java-8-openjdk-amd64/jre/lib/amd64/jli/libjli.so
7fbe28608000-7fbe2862c000 r-xp 00000000 08:03 6295714                    /lib/x86_64-linux-gnu/ld-2.21.so
7fbe2862c000-7fbe2862e000 r--s 00006000 08:03 4985572                    /usr/share/java/jayatana.jar
7fbe2862e000-7fbe28630000 r--s 0000a000 08:03 3935697                    /home/anatole/netbeans-8.1/java/maven/boot/plexus-classworlds-2.4.jar
7fbe28630000-7fbe28633000 r--s 0000f000 08:03 6427236                    /usr/lib/jvm/java-8-openjdk-amd64/jre/lib/ext/icedtea-sound.jar
7fbe28633000-7fbe2864f000 r--s 00393000 08:03 6427229                    /usr/lib/jvm/java-8-openjdk-amd64/jre/lib/ext/cldrdata.jar
7fbe2864f000-7fbe28709000 rw-p 00000000 00:00 0 
7fbe28709000-7fbe2870c000 ---p 00000000 00:00 0 
7fbe2870c000-7fbe2880f000 rw-p 00000000 00:00 0                          [stack:4597]
7fbe2880f000-7fbe28810000 r--s 00000000 08:03 4985573                    /usr/share/java/jayatanaag.jar
7fbe28810000-7fbe28811000 r--s 00010000 08:03 6427233                    /usr/lib/jvm/java-8-openjdk-amd64/jre/lib/ext/zipfs.jar
7fbe28811000-7fbe28814000 r--s 00037000 08:03 6427237                    /usr/lib/jvm/java-8-openjdk-amd64/jre/lib/ext/sunpkcs11.jar
7fbe28814000-7fbe28815000 r--s 00008000 08:03 6427231                    /usr/lib/jvm/java-8-openjdk-amd64/jre/lib/ext/sunec.jar
7fbe28815000-7fbe2881b000 r--s 0003a000 08:03 6427234                    /usr/lib/jvm/java-8-openjdk-amd64/jre/lib/ext/sunjce_provider.jar
7fbe2881b000-7fbe2881d000 r--s 00006000 08:03 4986438                    /usr/share/java/java-atk-wrapper.jar
7fbe2881d000-7fbe2881f000 r--s 00001000 08:03 6427235                    /usr/lib/jvm/java-8-openjdk-amd64/jre/lib/ext/dnsns.jar
7fbe2881f000-7fbe28827000 rw-s 00000000 08:03 3014925                    /tmp/hsperfdata_anatole/4594
7fbe28827000-7fbe28828000 rw-p 00000000 00:00 0 
7fbe28828000-7fbe28829000 ---p 00000000 00:00 0 
7fbe28829000-7fbe2882b000 rw-p 00000000 00:00 0 
7fbe2882b000-7fbe2882c000 r--p 00023000 08:03 6295714                    /lib/x86_64-linux-gnu/ld-2.21.so
7fbe2882c000-7fbe2882d000 rw-p 00024000 08:03 6295714                    /lib/x86_64-linux-gnu/ld-2.21.so
7fbe2882d000-7fbe2882e000 rw-p 00000000 00:00 0 
7fffe363f000-7fffe3660000 rw-p 00000000 00:00 0                          [stack]
7fffe3700000-7fffe3702000 r--p 00000000 00:00 0                          [vvar]
7fffe3702000-7fffe3704000 r-xp 00000000 00:00 0                          [vdso]
ffffffffff600000-ffffffffff601000 r-xp 00000000 00:00 0                  [vsyscall]

VM Arguments:
jvm_args: -javaagent:/usr/share/java/jayatanaag.jar -Dclassworlds.conf=/home/anatole/netbeans-8.1/java/maven/bin/m2.conf -Dmaven.home=/home/anatole/netbeans-8.1/java/maven 
java_command: org.codehaus.plexus.classworlds.launcher.Launcher -Dnetbeans.deploy=true -Dmaven.ext.class.path=/home/anatole/netbeans-8.1/java/maven-nblib/netbeans-eventspy.jar package
java_class_path (initial): /home/anatole/netbeans-8.1/java/maven/boot/plexus-classworlds-2.4.jar:/usr/share/java/jayatanaag.jar
Launcher Type: SUN_STANDARD

Environment Variables:
JAVA_HOME=/usr/lib/jvm/java-8-openjdk-amd64
JAVA_TOOL_OPTIONS=-javaagent:/usr/share/java/jayatanaag.jar 
PATH=/usr/local/sbin:/usr/local/bin:/usr/sbin:/usr/bin:/sbin:/bin:/usr/games:/usr/local/games
LD_LIBRARY_PATH=/usr/lib/jvm/java-8-openjdk-amd64/jre/lib/amd64:/usr/lib/jvm/java-8-openjdk-amd64/jre/lib/i386:
SHELL=/bin/bash
DISPLAY=:0

Signal Handlers:
SIGSEGV: [libjvm.so+0xa90d80], sa_mask[0]=11111111011111111101111111111110, sa_flags=SA_RESTART|SA_SIGINFO
SIGBUS: [libjvm.so+0xa90d80], sa_mask[0]=11111111011111111101111111111110, sa_flags=SA_RESTART|SA_SIGINFO
SIGFPE: [libjvm.so+0x8dbc70], sa_mask[0]=11111111011111111101111111111110, sa_flags=SA_RESTART|SA_SIGINFO
SIGPIPE: [libjvm.so+0x8dbc70], sa_mask[0]=11111111011111111101111111111110, sa_flags=SA_RESTART|SA_SIGINFO
SIGXFSZ: [libjvm.so+0x8dbc70], sa_mask[0]=11111111011111111101111111111110, sa_flags=SA_RESTART|SA_SIGINFO
SIGILL: [libjvm.so+0x8dbc70], sa_mask[0]=11111111011111111101111111111110, sa_flags=SA_RESTART|SA_SIGINFO
SIGUSR1: SIG_DFL, sa_mask[0]=00000000000000000000000000000000, sa_flags=none
SIGUSR2: [libjvm.so+0x8dbb20], sa_mask[0]=00100000000000000000000000000000, sa_flags=SA_RESTART|SA_SIGINFO
SIGHUP: [libjvm.so+0x8dbd40], sa_mask[0]=11111111011111111101111111111110, sa_flags=SA_RESTART|SA_SIGINFO
SIGINT: SIG_IGN, sa_mask[0]=00000000000000000000000000000000, sa_flags=none
SIGTERM: [libjvm.so+0x8dbd40], sa_mask[0]=11111111011111111101111111111110, sa_flags=SA_RESTART|SA_SIGINFO
SIGQUIT: [libjvm.so+0x8dbd40], sa_mask[0]=11111111011111111101111111111110, sa_flags=SA_RESTART|SA_SIGINFO


---------------  S Y S T E M  ---------------

OS:DISTRIB_ID=Ubuntu
DISTRIB_RELEASE=15.04
DISTRIB_CODENAME=vivid
DISTRIB_DESCRIPTION="Ubuntu 15.04"

uname:Linux 3.19.0-15-generic #15-Ubuntu SMP Thu Apr 16 23:32:37 UTC 2015 x86_64
libc:glibc 2.21 NPTL 2.21 
rlimit: STACK 8192k, CORE 0k, NPROC 14488, NOFILE 65536, AS infinity
load average:1,58 1,34 1,04

/proc/meminfo:
MemTotal:        3731428 kB
MemFree:          114544 kB
MemAvailable:      58352 kB
Buffers:            1772 kB
Cached:           429172 kB
SwapCached:            0 kB
Active:          3083972 kB
Inactive:         370548 kB
Active(anon):    3078344 kB
Inactive(anon):   353204 kB
Active(file):       5628 kB
Inactive(file):    17344 kB
Unevictable:          48 kB
Mlocked:              48 kB
SwapTotal:             0 kB
SwapFree:              0 kB
Dirty:               428 kB
Writeback:             0 kB
AnonPages:       3024020 kB
Mapped:           131440 kB
Shmem:            407288 kB
Slab:              70760 kB
SReclaimable:      33580 kB
SUnreclaim:        37180 kB
KernelStack:       10784 kB
PageTables:        46036 kB
NFS_Unstable:          0 kB
Bounce:                0 kB
WritebackTmp:          0 kB
CommitLimit:     1865712 kB
Committed_AS:    7010396 kB
VmallocTotal:   34359738367 kB
VmallocUsed:      611044 kB
VmallocChunk:   34359101876 kB
HardwareCorrupted:     0 kB
AnonHugePages:   1527808 kB
CmaTotal:              0 kB
CmaFree:               0 kB
HugePages_Total:       0
HugePages_Free:        0
HugePages_Rsvd:        0
HugePages_Surp:        0
Hugepagesize:       2048 kB
DirectMap4k:      147648 kB
DirectMap2M:     3727360 kB
DirectMap1G:           0 kB


CPU:total 4 (2 cores per cpu, 2 threads per core) family 6 model 69 stepping 1, cmov, cx8, fxsr, mmx, sse, sse2, sse3, ssse3, sse4.1, sse4.2, popcnt, avx, avx2, aes, clmul, erms, rtm, lzcnt, ht, tsc, tscinvbit, bmi1, bmi2

/proc/cpuinfo:
processor	: 0
vendor_id	: GenuineIntel
cpu family	: 6
model		: 69
model name	: Intel(R) Core(TM) i5-4300U CPU @ 1.90GHz
stepping	: 1
microcode	: 0x17
cpu MHz		: 800.000
cache size	: 3072 KB
physical id	: 0
siblings	: 4
core id		: 0
cpu cores	: 2
apicid		: 0
initial apicid	: 0
fpu		: yes
fpu_exception	: yes
cpuid level	: 13
wp		: yes
flags		: fpu vme de pse tsc msr pae mce cx8 apic sep mtrr pge mca cmov pat pse36 clflush dts acpi mmx fxsr sse sse2 ss ht tm pbe syscall nx pdpe1gb rdtscp lm constant_tsc arch_perfmon pebs bts rep_good nopl xtopology nonstop_tsc aperfmperf eagerfpu pni pclmulqdq dtes64 monitor ds_cpl vmx smx est tm2 ssse3 fma cx16 xtpr pdcm pcid sse4_1 sse4_2 x2apic movbe popcnt tsc_deadline_timer aes xsave avx f16c rdrand lahf_lm abm ida arat epb pln pts dtherm tpr_shadow vnmi flexpriority ept vpid fsgsbase tsc_adjust bmi1 hle avx2 smep bmi2 erms invpcid rtm xsaveopt
bugs		:
bogomips	: 4988.30
clflush size	: 64
cache_alignment	: 64
address sizes	: 39 bits physical, 48 bits virtual
power management:

processor	: 1
vendor_id	: GenuineIntel
cpu family	: 6
model		: 69
model name	: Intel(R) Core(TM) i5-4300U CPU @ 1.90GHz
stepping	: 1
microcode	: 0x17
cpu MHz		: 934.082
cache size	: 3072 KB
physical id	: 0
siblings	: 4
core id		: 0
cpu cores	: 2
apicid		: 1
initial apicid	: 1
fpu		: yes
fpu_exception	: yes
cpuid level	: 13
wp		: yes
flags		: fpu vme de pse tsc msr pae mce cx8 apic sep mtrr pge mca cmov pat pse36 clflush dts acpi mmx fxsr sse sse2 ss ht tm pbe syscall nx pdpe1gb rdtscp lm constant_tsc arch_perfmon pebs bts rep_good nopl xtopology nonstop_tsc aperfmperf eagerfpu pni pclmulqdq dtes64 monitor ds_cpl vmx smx est tm2 ssse3 fma cx16 xtpr pdcm pcid sse4_1 sse4_2 x2apic movbe popcnt tsc_deadline_timer aes xsave avx f16c rdrand lahf_lm abm ida arat epb pln pts dtherm tpr_shadow vnmi flexpriority ept vpid fsgsbase tsc_adjust bmi1 hle avx2 smep bmi2 erms invpcid rtm xsaveopt
bugs		:
bogomips	: 4988.30
clflush size	: 64
cache_alignment	: 64
address sizes	: 39 bits physical, 48 bits virtual
power management:

processor	: 2
vendor_id	: GenuineIntel
cpu family	: 6
model		: 69
model name	: Intel(R) Core(TM) i5-4300U CPU @ 1.90GHz
stepping	: 1
microcode	: 0x17
cpu MHz		: 999.804
cache size	: 3072 KB
physical id	: 0
siblings	: 4
core id		: 1
cpu cores	: 2
apicid		: 2
initial apicid	: 2
fpu		: yes
fpu_exception	: yes
cpuid level	: 13
wp		: yes
flags		: fpu vme de pse tsc msr pae mce cx8 apic sep mtrr pge mca cmov pat pse36 clflush dts acpi mmx fxsr sse sse2 ss ht tm pbe syscall nx pdpe1gb rdtscp lm constant_tsc arch_perfmon pebs bts rep_good nopl xtopology nonstop_tsc aperfmperf eagerfpu pni pclmulqdq dtes64 monitor ds_cpl vmx smx est tm2 ssse3 fma cx16 xtpr pdcm pcid sse4_1 sse4_2 x2apic movbe popcnt tsc_deadline_timer aes xsave avx f16c rdrand lahf_lm abm ida arat epb pln pts dtherm tpr_shadow vnmi flexpriority ept vpid fsgsbase tsc_adjust bmi1 hle avx2 smep bmi2 erms invpcid rtm xsaveopt
bugs		:
bogomips	: 4988.30
clflush size	: 64
cache_alignment	: 64
address sizes	: 39 bits physical, 48 bits virtual
power management:

processor	: 3
vendor_id	: GenuineIntel
cpu family	: 6
model		: 69
model name	: Intel(R) Core(TM) i5-4300U CPU @ 1.90GHz
stepping	: 1
microcode	: 0x17
cpu MHz		: 836.621
cache size	: 3072 KB
physical id	: 0
siblings	: 4
core id		: 1
cpu cores	: 2
apicid		: 3
initial apicid	: 3
fpu		: yes
fpu_exception	: yes
cpuid level	: 13
wp		: yes
flags		: fpu vme de pse tsc msr pae mce cx8 apic sep mtrr pge mca cmov pat pse36 clflush dts acpi mmx fxsr sse sse2 ss ht tm pbe syscall nx pdpe1gb rdtscp lm constant_tsc arch_perfmon pebs bts rep_good nopl xtopology nonstop_tsc aperfmperf eagerfpu pni pclmulqdq dtes64 monitor ds_cpl vmx smx est tm2 ssse3 fma cx16 xtpr pdcm pcid sse4_1 sse4_2 x2apic movbe popcnt tsc_deadline_timer aes xsave avx f16c rdrand lahf_lm abm ida arat epb pln pts dtherm tpr_shadow vnmi flexpriority ept vpid fsgsbase tsc_adjust bmi1 hle avx2 smep bmi2 erms invpcid rtm xsaveopt
bugs		:
bogomips	: 4988.30
clflush size	: 64
cache_alignment	: 64
address sizes	: 39 bits physical, 48 bits virtual
power management:



Memory: 4k page, physical 3731428k(114544k free), swap 0k(0k free)

vm_info: OpenJDK 64-Bit Server VM (25.45-b02) for linux-amd64 JRE (1.8.0_45-internal-b14), built on Apr 20 2015 00:35:04 by "buildd" with gcc 4.9.2

time: Fri Dec  4 19:44:15 2015
elapsed time: 19 seconds (0d 0h 0m 19s)

